2015-01-13T06:22:13+00:00 DEBUG (7): Exception message: package name is empty.
Trace: #0 /home/netakart/public_html/dev/app/code/core/Mage/Core/Model/Abstract.php(316): Mage_Adminhtml_Model_System_Config_Backend_Design_Package->_beforeSave()
#1 /home/netakart/public_html/dev/app/code/core/Mage/Core/Model/Resource/Transaction.php(151): Mage_Core_Model_Abstract->save()
#2 /home/netakart/public_html/dev/app/code/core/Mage/Adminhtml/Model/Config/Data.php(206): Mage_Core_Model_Resource_Transaction->save()
#3 /home/netakart/public_html/dev/app/code/core/Mage/Adminhtml/controllers/System/ConfigController.php(165): Mage_Adminhtml_Model_Config_Data->save()
#4 /home/netakart/public_html/dev/app/code/core/Mage/Core/Controller/Varien/Action.php(418): Mage_Adminhtml_System_ConfigController->saveAction()
#5 /home/netakart/public_html/dev/app/code/core/Mage/Core/Controller/Varien/Router/Standard.php(250): Mage_Core_Controller_Varien_Action->dispatch('save')
#6 /home/netakart/public_html/dev/app/code/core/Mage/Core/Controller/Varien/Front.php(172): Mage_Core_Controller_Varien_Router_Standard->match(Object(Mage_Core_Controller_Request_Http))
#7 /home/netakart/public_html/dev/app/code/core/Mage/Core/Model/App.php(354): Mage_Core_Controller_Varien_Front->dispatch()
#8 /home/netakart/public_html/dev/app/Mage.php(684): Mage_Core_Model_App->run(Array)
#9 /home/netakart/public_html/dev/index.php(87): Mage::run('', 'store')
#10 {main}
2015-01-13T07:30:02+00:00 DEBUG (7): Exception message: package name is empty.
Trace: #0 /home/netakart/public_html/dev/app/code/core/Mage/Core/Model/Abstract.php(316): Mage_Adminhtml_Model_System_Config_Backend_Design_Package->_beforeSave()
#1 /home/netakart/public_html/dev/app/code/core/Mage/Core/Model/Resource/Transaction.php(151): Mage_Core_Model_Abstract->save()
#2 /home/netakart/public_html/dev/app/code/core/Mage/Adminhtml/Model/Config/Data.php(206): Mage_Core_Model_Resource_Transaction->save()
#3 /home/netakart/public_html/dev/app/code/core/Mage/Adminhtml/controllers/System/ConfigController.php(165): Mage_Adminhtml_Model_Config_Data->save()
#4 /home/netakart/public_html/dev/app/code/core/Mage/Core/Controller/Varien/Action.php(418): Mage_Adminhtml_System_ConfigController->saveAction()
#5 /home/netakart/public_html/dev/app/code/core/Mage/Core/Controller/Varien/Router/Standard.php(250): Mage_Core_Controller_Varien_Action->dispatch('save')
#6 /home/netakart/public_html/dev/app/code/core/Mage/Core/Controller/Varien/Front.php(172): Mage_Core_Controller_Varien_Router_Standard->match(Object(Mage_Core_Controller_Request_Http))
#7 /home/netakart/public_html/dev/app/code/core/Mage/Core/Model/App.php(354): Mage_Core_Controller_Varien_Front->dispatch()
#8 /home/netakart/public_html/dev/app/Mage.php(684): Mage_Core_Model_App->run(Array)
#9 /home/netakart/public_html/dev/index.php(87): Mage::run('', 'store')
#10 {main}
2015-01-31T09:22:51+00:00 ERR (3): 
exception 'Mage_Core_Exception' with message 'Invalid block type: ' in /home/netakart/public_html/dev/app/Mage.php:595
Stack trace:
#0 /home/netakart/public_html/dev/app/code/core/Mage/Core/Model/Layout.php(495): Mage::throwException('Invalid block t...')
#1 /home/netakart/public_html/dev/app/code/core/Mage/Core/Model/Layout.php(437): Mage_Core_Model_Layout->_getBlockInstance('', Array)
#2 /home/netakart/public_html/dev/app/code/core/Mage/Core/Model/Layout.php(472): Mage_Core_Model_Layout->createBlock('', 'product.info.op...')
#3 /home/netakart/public_html/dev/app/code/core/Mage/Core/Model/Layout.php(239): Mage_Core_Model_Layout->addBlock('', 'product.info.op...')
#4 /home/netakart/public_html/dev/app/code/core/Mage/Core/Model/Layout.php(205): Mage_Core_Model_Layout->_generateBlock(Object(Mage_Core_Model_Layout_Element), Object(Mage_Core_Model_Layout_Element))
#5 /home/netakart/public_html/dev/app/code/core/Mage/Core/Model/Layout.php(210): Mage_Core_Model_Layout->generateBlocks(Object(Mage_Core_Model_Layout_Element))
#6 /home/netakart/public_html/dev/app/code/core/Mage/Core/Controller/Varien/Action.php(344): Mage_Core_Model_Layout->generateBlocks()
#7 /home/netakart/public_html/dev/app/code/core/Mage/Catalog/Helper/Product/View.php(73): Mage_Core_Controller_Varien_Action->generateLayoutBlocks()
#8 /home/netakart/public_html/dev/app/code/core/Mage/Catalog/Helper/Product/View.php(144): Mage_Catalog_Helper_Product_View->initProductLayout(Object(Mage_Catalog_Model_Product), Object(Mage_Catalog_ProductController))
#9 /home/netakart/public_html/dev/app/code/core/Mage/Catalog/controllers/ProductController.php(132): Mage_Catalog_Helper_Product_View->prepareAndRender(6405, Object(Mage_Catalog_ProductController), Object(Varien_Object))
#10 /home/netakart/public_html/dev/app/code/core/Mage/Core/Controller/Varien/Action.php(418): Mage_Catalog_ProductController->viewAction()
#11 /home/netakart/public_html/dev/app/code/core/Mage/Core/Controller/Varien/Router/Standard.php(250): Mage_Core_Controller_Varien_Action->dispatch('view')
#12 /home/netakart/public_html/dev/app/code/core/Mage/Core/Controller/Varien/Front.php(172): Mage_Core_Controller_Varien_Router_Standard->match(Object(Mage_Core_Controller_Request_Http))
#13 /home/netakart/public_html/dev/app/code/core/Mage/Core/Model/App.php(354): Mage_Core_Controller_Varien_Front->dispatch()
#14 /home/netakart/public_html/dev/app/Mage.php(684): Mage_Core_Model_App->run(Array)
#15 /home/netakart/public_html/dev/index.php(87): Mage::run('', 'store')
#16 {main}
2015-01-31T09:22:56+00:00 ERR (3): 
exception 'Mage_Core_Exception' with message 'Invalid block type: ' in /home/netakart/public_html/dev/app/Mage.php:595
Stack trace:
#0 /home/netakart/public_html/dev/app/code/core/Mage/Core/Model/Layout.php(495): Mage::throwException('Invalid block t...')
#1 /home/netakart/public_html/dev/app/code/core/Mage/Core/Model/Layout.php(437): Mage_Core_Model_Layout->_getBlockInstance('', Array)
#2 /home/netakart/public_html/dev/app/code/core/Mage/Core/Model/Layout.php(472): Mage_Core_Model_Layout->createBlock('', 'product.info.op...')
#3 /home/netakart/public_html/dev/app/code/core/Mage/Core/Model/Layout.php(239): Mage_Core_Model_Layout->addBlock('', 'product.info.op...')
#4 /home/netakart/public_html/dev/app/code/core/Mage/Core/Model/Layout.php(205): Mage_Core_Model_Layout->_generateBlock(Object(Mage_Core_Model_Layout_Element), Object(Mage_Core_Model_Layout_Element))
#5 /home/netakart/public_html/dev/app/code/core/Mage/Core/Model/Layout.php(210): Mage_Core_Model_Layout->generateBlocks(Object(Mage_Core_Model_Layout_Element))
#6 /home/netakart/public_html/dev/app/code/core/Mage/Core/Controller/Varien/Action.php(344): Mage_Core_Model_Layout->generateBlocks()
#7 /home/netakart/public_html/dev/app/code/core/Mage/Catalog/Helper/Product/View.php(73): Mage_Core_Controller_Varien_Action->generateLayoutBlocks()
#8 /home/netakart/public_html/dev/app/code/core/Mage/Catalog/Helper/Product/View.php(144): Mage_Catalog_Helper_Product_View->initProductLayout(Object(Mage_Catalog_Model_Product), Object(Mage_Catalog_ProductController))
#9 /home/netakart/public_html/dev/app/code/core/Mage/Catalog/controllers/ProductController.php(132): Mage_Catalog_Helper_Product_View->prepareAndRender(6405, Object(Mage_Catalog_ProductController), Object(Varien_Object))
#10 /home/netakart/public_html/dev/app/code/core/Mage/Core/Controller/Varien/Action.php(418): Mage_Catalog_ProductController->viewAction()
#11 /home/netakart/public_html/dev/app/code/core/Mage/Core/Controller/Varien/Router/Standard.php(250): Mage_Core_Controller_Varien_Action->dispatch('view')
#12 /home/netakart/public_html/dev/app/code/core/Mage/Core/Controller/Varien/Front.php(172): Mage_Core_Controller_Varien_Router_Standard->match(Object(Mage_Core_Controller_Request_Http))
#13 /home/netakart/public_html/dev/app/code/core/Mage/Core/Model/App.php(354): Mage_Core_Controller_Varien_Front->dispatch()
#14 /home/netakart/public_html/dev/app/Mage.php(684): Mage_Core_Model_App->run(Array)
#15 /home/netakart/public_html/dev/index.php(87): Mage::run('', 'store')
#16 {main}
2015-01-31T09:24:14+00:00 ERR (3): 
exception 'Mage_Core_Exception' with message 'Invalid block type: ' in /home/netakart/public_html/dev/app/Mage.php:595
Stack trace:
#0 /home/netakart/public_html/dev/app/code/core/Mage/Core/Model/Layout.php(495): Mage::throwException('Invalid block t...')
#1 /home/netakart/public_html/dev/app/code/core/Mage/Core/Model/Layout.php(437): Mage_Core_Model_Layout->_getBlockInstance('', Array)
#2 /home/netakart/public_html/dev/app/code/core/Mage/Core/Model/Layout.php(472): Mage_Core_Model_Layout->createBlock('', 'product.info.op...')
#3 /home/netakart/public_html/dev/app/code/core/Mage/Core/Model/Layout.php(239): Mage_Core_Model_Layout->addBlock('', 'product.info.op...')
#4 /home/netakart/public_html/dev/app/code/core/Mage/Core/Model/Layout.php(205): Mage_Core_Model_Layout->_generateBlock(Object(Mage_Core_Model_Layout_Element), Object(Mage_Core_Model_Layout_Element))
#5 /home/netakart/public_html/dev/app/code/core/Mage/Core/Model/Layout.php(210): Mage_Core_Model_Layout->generateBlocks(Object(Mage_Core_Model_Layout_Element))
#6 /home/netakart/public_html/dev/app/code/core/Mage/Core/Controller/Varien/Action.php(344): Mage_Core_Model_Layout->generateBlocks()
#7 /home/netakart/public_html/dev/app/code/core/Mage/Catalog/Helper/Product/View.php(73): Mage_Core_Controller_Varien_Action->generateLayoutBlocks()
#8 /home/netakart/public_html/dev/app/code/core/Mage/Catalog/Helper/Product/View.php(144): Mage_Catalog_Helper_Product_View->initProductLayout(Object(Mage_Catalog_Model_Product), Object(Mage_Catalog_ProductController))
#9 /home/netakart/public_html/dev/app/code/core/Mage/Catalog/controllers/ProductController.php(132): Mage_Catalog_Helper_Product_View->prepareAndRender(6405, Object(Mage_Catalog_ProductController), Object(Varien_Object))
#10 /home/netakart/public_html/dev/app/code/core/Mage/Core/Controller/Varien/Action.php(418): Mage_Catalog_ProductController->viewAction()
#11 /home/netakart/public_html/dev/app/code/core/Mage/Core/Controller/Varien/Router/Standard.php(250): Mage_Core_Controller_Varien_Action->dispatch('view')
#12 /home/netakart/public_html/dev/app/code/core/Mage/Core/Controller/Varien/Front.php(172): Mage_Core_Controller_Varien_Router_Standard->match(Object(Mage_Core_Controller_Request_Http))
#13 /home/netakart/public_html/dev/app/code/core/Mage/Core/Model/App.php(354): Mage_Core_Controller_Varien_Front->dispatch()
#14 /home/netakart/public_html/dev/app/Mage.php(684): Mage_Core_Model_App->run(Array)
#15 /home/netakart/public_html/dev/index.php(87): Mage::run('', 'store')
#16 {main}
2015-01-31T09:24:19+00:00 ERR (3): 
exception 'Mage_Core_Exception' with message 'Invalid block type: ' in /home/netakart/public_html/dev/app/Mage.php:595
Stack trace:
#0 /home/netakart/public_html/dev/app/code/core/Mage/Core/Model/Layout.php(495): Mage::throwException('Invalid block t...')
#1 /home/netakart/public_html/dev/app/code/core/Mage/Core/Model/Layout.php(437): Mage_Core_Model_Layout->_getBlockInstance('', Array)
#2 /home/netakart/public_html/dev/app/code/core/Mage/Core/Model/Layout.php(472): Mage_Core_Model_Layout->createBlock('', 'product.info.op...')
#3 /home/netakart/public_html/dev/app/code/core/Mage/Core/Model/Layout.php(239): Mage_Core_Model_Layout->addBlock('', 'product.info.op...')
#4 /home/netakart/public_html/dev/app/code/core/Mage/Core/Model/Layout.php(205): Mage_Core_Model_Layout->_generateBlock(Object(Mage_Core_Model_Layout_Element), Object(Mage_Core_Model_Layout_Element))
#5 /home/netakart/public_html/dev/app/code/core/Mage/Core/Model/Layout.php(210): Mage_Core_Model_Layout->generateBlocks(Object(Mage_Core_Model_Layout_Element))
#6 /home/netakart/public_html/dev/app/code/core/Mage/Core/Controller/Varien/Action.php(344): Mage_Core_Model_Layout->generateBlocks()
#7 /home/netakart/public_html/dev/app/code/core/Mage/Catalog/Helper/Product/View.php(73): Mage_Core_Controller_Varien_Action->generateLayoutBlocks()
#8 /home/netakart/public_html/dev/app/code/core/Mage/Catalog/Helper/Product/View.php(144): Mage_Catalog_Helper_Product_View->initProductLayout(Object(Mage_Catalog_Model_Product), Object(Mage_Catalog_ProductController))
#9 /home/netakart/public_html/dev/app/code/core/Mage/Catalog/controllers/ProductController.php(132): Mage_Catalog_Helper_Product_View->prepareAndRender(6405, Object(Mage_Catalog_ProductController), Object(Varien_Object))
#10 /home/netakart/public_html/dev/app/code/core/Mage/Core/Controller/Varien/Action.php(418): Mage_Catalog_ProductController->viewAction()
#11 /home/netakart/public_html/dev/app/code/core/Mage/Core/Controller/Varien/Router/Standard.php(250): Mage_Core_Controller_Varien_Action->dispatch('view')
#12 /home/netakart/public_html/dev/app/code/core/Mage/Core/Controller/Varien/Front.php(172): Mage_Core_Controller_Varien_Router_Standard->match(Object(Mage_Core_Controller_Request_Http))
#13 /home/netakart/public_html/dev/app/code/core/Mage/Core/Model/App.php(354): Mage_Core_Controller_Varien_Front->dispatch()
#14 /home/netakart/public_html/dev/app/Mage.php(684): Mage_Core_Model_App->run(Array)
#15 /home/netakart/public_html/dev/index.php(87): Mage::run('', 'store')
#16 {main}
2015-01-31T09:30:05+00:00 ERR (3): 
exception 'Mage_Core_Exception' with message 'Invalid block type: ' in /home/netakart/public_html/dev/app/Mage.php:595
Stack trace:
#0 /home/netakart/public_html/dev/app/code/core/Mage/Core/Model/Layout.php(495): Mage::throwException('Invalid block t...')
#1 /home/netakart/public_html/dev/app/code/core/Mage/Core/Model/Layout.php(437): Mage_Core_Model_Layout->_getBlockInstance('', Array)
#2 /home/netakart/public_html/dev/app/code/core/Mage/Core/Model/Layout.php(472): Mage_Core_Model_Layout->createBlock('', 'product.info.op...')
#3 /home/netakart/public_html/dev/app/code/core/Mage/Core/Model/Layout.php(239): Mage_Core_Model_Layout->addBlock('', 'product.info.op...')
#4 /home/netakart/public_html/dev/app/code/core/Mage/Core/Model/Layout.php(205): Mage_Core_Model_Layout->_generateBlock(Object(Mage_Core_Model_Layout_Element), Object(Mage_Core_Model_Layout_Element))
#5 /home/netakart/public_html/dev/app/code/core/Mage/Core/Model/Layout.php(210): Mage_Core_Model_Layout->generateBlocks(Object(Mage_Core_Model_Layout_Element))
#6 /home/netakart/public_html/dev/app/code/core/Mage/Core/Controller/Varien/Action.php(344): Mage_Core_Model_Layout->generateBlocks()
#7 /home/netakart/public_html/dev/app/code/core/Mage/Catalog/Helper/Product/View.php(73): Mage_Core_Controller_Varien_Action->generateLayoutBlocks()
#8 /home/netakart/public_html/dev/app/code/core/Mage/Catalog/Helper/Product/View.php(144): Mage_Catalog_Helper_Product_View->initProductLayout(Object(Mage_Catalog_Model_Product), Object(Mage_Catalog_ProductController))
#9 /home/netakart/public_html/dev/app/code/core/Mage/Catalog/controllers/ProductController.php(132): Mage_Catalog_Helper_Product_View->prepareAndRender(6405, Object(Mage_Catalog_ProductController), Object(Varien_Object))
#10 /home/netakart/public_html/dev/app/code/core/Mage/Core/Controller/Varien/Action.php(418): Mage_Catalog_ProductController->viewAction()
#11 /home/netakart/public_html/dev/app/code/core/Mage/Core/Controller/Varien/Router/Standard.php(250): Mage_Core_Controller_Varien_Action->dispatch('view')
#12 /home/netakart/public_html/dev/app/code/core/Mage/Core/Controller/Varien/Front.php(172): Mage_Core_Controller_Varien_Router_Standard->match(Object(Mage_Core_Controller_Request_Http))
#13 /home/netakart/public_html/dev/app/code/core/Mage/Core/Model/App.php(354): Mage_Core_Controller_Varien_Front->dispatch()
#14 /home/netakart/public_html/dev/app/Mage.php(684): Mage_Core_Model_App->run(Array)
#15 /home/netakart/public_html/dev/index.php(87): Mage::run('', 'store')
#16 {main}
2015-01-31T09:30:38+00:00 ERR (3): 
exception 'Mage_Core_Exception' with message 'Invalid block type: ' in /home/netakart/public_html/dev/app/Mage.php:595
Stack trace:
#0 /home/netakart/public_html/dev/app/code/core/Mage/Core/Model/Layout.php(495): Mage::throwException('Invalid block t...')
#1 /home/netakart/public_html/dev/app/code/core/Mage/Core/Model/Layout.php(437): Mage_Core_Model_Layout->_getBlockInstance('', Array)
#2 /home/netakart/public_html/dev/app/code/core/Mage/Core/Model/Layout.php(472): Mage_Core_Model_Layout->createBlock('', 'product.info.op...')
#3 /home/netakart/public_html/dev/app/code/core/Mage/Core/Model/Layout.php(239): Mage_Core_Model_Layout->addBlock('', 'product.info.op...')
#4 /home/netakart/public_html/dev/app/code/core/Mage/Core/Model/Layout.php(205): Mage_Core_Model_Layout->_generateBlock(Object(Mage_Core_Model_Layout_Element), Object(Mage_Core_Model_Layout_Element))
#5 /home/netakart/public_html/dev/app/code/core/Mage/Core/Model/Layout.php(210): Mage_Core_Model_Layout->generateBlocks(Object(Mage_Core_Model_Layout_Element))
#6 /home/netakart/public_html/dev/app/code/core/Mage/Core/Controller/Varien/Action.php(344): Mage_Core_Model_Layout->generateBlocks()
#7 /home/netakart/public_html/dev/app/code/core/Mage/Catalog/Helper/Product/View.php(73): Mage_Core_Controller_Varien_Action->generateLayoutBlocks()
#8 /home/netakart/public_html/dev/app/code/core/Mage/Catalog/Helper/Product/View.php(144): Mage_Catalog_Helper_Product_View->initProductLayout(Object(Mage_Catalog_Model_Product), Object(Mage_Catalog_ProductController))
#9 /home/netakart/public_html/dev/app/code/core/Mage/Catalog/controllers/ProductController.php(132): Mage_Catalog_Helper_Product_View->prepareAndRender(6405, Object(Mage_Catalog_ProductController), Object(Varien_Object))
#10 /home/netakart/public_html/dev/app/code/core/Mage/Core/Controller/Varien/Action.php(418): Mage_Catalog_ProductController->viewAction()
#11 /home/netakart/public_html/dev/app/code/core/Mage/Core/Controller/Varien/Router/Standard.php(250): Mage_Core_Controller_Varien_Action->dispatch('view')
#12 /home/netakart/public_html/dev/app/code/core/Mage/Core/Controller/Varien/Front.php(172): Mage_Core_Controller_Varien_Router_Standard->match(Object(Mage_Core_Controller_Request_Http))
#13 /home/netakart/public_html/dev/app/code/core/Mage/Core/Model/App.php(354): Mage_Core_Controller_Varien_Front->dispatch()
#14 /home/netakart/public_html/dev/app/Mage.php(684): Mage_Core_Model_App->run(Array)
#15 /home/netakart/public_html/dev/index.php(87): Mage::run('', 'store')
#16 {main}
2015-01-31T09:31:13+00:00 ERR (3): 
exception 'Mage_Core_Exception' with message 'Invalid block type: ' in /home/netakart/public_html/dev/app/Mage.php:595
Stack trace:
#0 /home/netakart/public_html/dev/app/code/core/Mage/Core/Model/Layout.php(495): Mage::throwException('Invalid block t...')
#1 /home/netakart/public_html/dev/app/code/core/Mage/Core/Model/Layout.php(437): Mage_Core_Model_Layout->_getBlockInstance('', Array)
#2 /home/netakart/public_html/dev/app/code/core/Mage/Core/Model/Layout.php(472): Mage_Core_Model_Layout->createBlock('', 'product.info.op...')
#3 /home/netakart/public_html/dev/app/code/core/Mage/Core/Model/Layout.php(239): Mage_Core_Model_Layout->addBlock('', 'product.info.op...')
#4 /home/netakart/public_html/dev/app/code/core/Mage/Core/Model/Layout.php(205): Mage_Core_Model_Layout->_generateBlock(Object(Mage_Core_Model_Layout_Element), Object(Mage_Core_Model_Layout_Element))
#5 /home/netakart/public_html/dev/app/code/core/Mage/Core/Model/Layout.php(210): Mage_Core_Model_Layout->generateBlocks(Object(Mage_Core_Model_Layout_Element))
#6 /home/netakart/public_html/dev/app/code/core/Mage/Core/Controller/Varien/Action.php(344): Mage_Core_Model_Layout->generateBlocks()
#7 /home/netakart/public_html/dev/app/code/core/Mage/Catalog/Helper/Product/View.php(73): Mage_Core_Controller_Varien_Action->generateLayoutBlocks()
#8 /home/netakart/public_html/dev/app/code/core/Mage/Catalog/Helper/Product/View.php(144): Mage_Catalog_Helper_Product_View->initProductLayout(Object(Mage_Catalog_Model_Product), Object(Mage_Catalog_ProductController))
#9 /home/netakart/public_html/dev/app/code/core/Mage/Catalog/controllers/ProductController.php(132): Mage_Catalog_Helper_Product_View->prepareAndRender(6405, Object(Mage_Catalog_ProductController), Object(Varien_Object))
#10 /home/netakart/public_html/dev/app/code/core/Mage/Core/Controller/Varien/Action.php(418): Mage_Catalog_ProductController->viewAction()
#11 /home/netakart/public_html/dev/app/code/core/Mage/Core/Controller/Varien/Router/Standard.php(250): Mage_Core_Controller_Varien_Action->dispatch('view')
#12 /home/netakart/public_html/dev/app/code/core/Mage/Core/Controller/Varien/Front.php(172): Mage_Core_Controller_Varien_Router_Standard->match(Object(Mage_Core_Controller_Request_Http))
#13 /home/netakart/public_html/dev/app/code/core/Mage/Core/Model/App.php(354): Mage_Core_Controller_Varien_Front->dispatch()
#14 /home/netakart/public_html/dev/app/Mage.php(684): Mage_Core_Model_App->run(Array)
#15 /home/netakart/public_html/dev/index.php(87): Mage::run('', 'store')
#16 {main}
2015-01-31T09:31:16+00:00 ERR (3): 
exception 'Mage_Core_Exception' with message 'Invalid block type: ' in /home/netakart/public_html/dev/app/Mage.php:595
Stack trace:
#0 /home/netakart/public_html/dev/app/code/core/Mage/Core/Model/Layout.php(495): Mage::throwException('Invalid block t...')
#1 /home/netakart/public_html/dev/app/code/core/Mage/Core/Model/Layout.php(437): Mage_Core_Model_Layout->_getBlockInstance('', Array)
#2 /home/netakart/public_html/dev/app/code/core/Mage/Core/Model/Layout.php(472): Mage_Core_Model_Layout->createBlock('', 'product.info.op...')
#3 /home/netakart/public_html/dev/app/code/core/Mage/Core/Model/Layout.php(239): Mage_Core_Model_Layout->addBlock('', 'product.info.op...')
#4 /home/netakart/public_html/dev/app/code/core/Mage/Core/Model/Layout.php(205): Mage_Core_Model_Layout->_generateBlock(Object(Mage_Core_Model_Layout_Element), Object(Mage_Core_Model_Layout_Element))
#5 /home/netakart/public_html/dev/app/code/core/Mage/Core/Model/Layout.php(210): Mage_Core_Model_Layout->generateBlocks(Object(Mage_Core_Model_Layout_Element))
#6 /home/netakart/public_html/dev/app/code/core/Mage/Core/Controller/Varien/Action.php(344): Mage_Core_Model_Layout->generateBlocks()
#7 /home/netakart/public_html/dev/app/code/core/Mage/Catalog/Helper/Product/View.php(73): Mage_Core_Controller_Varien_Action->generateLayoutBlocks()
#8 /home/netakart/public_html/dev/app/code/core/Mage/Catalog/Helper/Product/View.php(144): Mage_Catalog_Helper_Product_View->initProductLayout(Object(Mage_Catalog_Model_Product), Object(Mage_Catalog_ProductController))
#9 /home/netakart/public_html/dev/app/code/core/Mage/Catalog/controllers/ProductController.php(132): Mage_Catalog_Helper_Product_View->prepareAndRender(6405, Object(Mage_Catalog_ProductController), Object(Varien_Object))
#10 /home/netakart/public_html/dev/app/code/core/Mage/Core/Controller/Varien/Action.php(418): Mage_Catalog_ProductController->viewAction()
#11 /home/netakart/public_html/dev/app/code/core/Mage/Core/Controller/Varien/Router/Standard.php(250): Mage_Core_Controller_Varien_Action->dispatch('view')
#12 /home/netakart/public_html/dev/app/code/core/Mage/Core/Controller/Varien/Front.php(172): Mage_Core_Controller_Varien_Router_Standard->match(Object(Mage_Core_Controller_Request_Http))
#13 /home/netakart/public_html/dev/app/code/core/Mage/Core/Model/App.php(354): Mage_Core_Controller_Varien_Front->dispatch()
#14 /home/netakart/public_html/dev/app/Mage.php(684): Mage_Core_Model_App->run(Array)
#15 /home/netakart/public_html/dev/index.php(87): Mage::run('', 'store')
#16 {main}
2015-01-31T09:35:50+00:00 ERR (3): 
exception 'Mage_Core_Exception' with message 'Invalid block type: ' in /home/netakart/public_html/dev/app/Mage.php:595
Stack trace:
#0 /home/netakart/public_html/dev/app/code/core/Mage/Core/Model/Layout.php(495): Mage::throwException('Invalid block t...')
#1 /home/netakart/public_html/dev/app/code/core/Mage/Core/Model/Layout.php(437): Mage_Core_Model_Layout->_getBlockInstance('', Array)
#2 /home/netakart/public_html/dev/app/code/core/Mage/Core/Model/Layout.php(472): Mage_Core_Model_Layout->createBlock('', 'product.info.op...')
#3 /home/netakart/public_html/dev/app/code/core/Mage/Core/Model/Layout.php(239): Mage_Core_Model_Layout->addBlock('', 'product.info.op...')
#4 /home/netakart/public_html/dev/app/code/core/Mage/Core/Model/Layout.php(205): Mage_Core_Model_Layout->_generateBlock(Object(Mage_Core_Model_Layout_Element), Object(Mage_Core_Model_Layout_Element))
#5 /home/netakart/public_html/dev/app/code/core/Mage/Core/Model/Layout.php(210): Mage_Core_Model_Layout->generateBlocks(Object(Mage_Core_Model_Layout_Element))
#6 /home/netakart/public_html/dev/app/code/core/Mage/Core/Controller/Varien/Action.php(344): Mage_Core_Model_Layout->generateBlocks()
#7 /home/netakart/public_html/dev/app/code/core/Mage/Catalog/Helper/Product/View.php(73): Mage_Core_Controller_Varien_Action->generateLayoutBlocks()
#8 /home/netakart/public_html/dev/app/code/core/Mage/Catalog/Helper/Product/View.php(144): Mage_Catalog_Helper_Product_View->initProductLayout(Object(Mage_Catalog_Model_Product), Object(Mage_Catalog_ProductController))
#9 /home/netakart/public_html/dev/app/code/core/Mage/Catalog/controllers/ProductController.php(132): Mage_Catalog_Helper_Product_View->prepareAndRender(6405, Object(Mage_Catalog_ProductController), Object(Varien_Object))
#10 /home/netakart/public_html/dev/app/code/core/Mage/Core/Controller/Varien/Action.php(418): Mage_Catalog_ProductController->viewAction()
#11 /home/netakart/public_html/dev/app/code/core/Mage/Core/Controller/Varien/Router/Standard.php(250): Mage_Core_Controller_Varien_Action->dispatch('view')
#12 /home/netakart/public_html/dev/app/code/core/Mage/Core/Controller/Varien/Front.php(172): Mage_Core_Controller_Varien_Router_Standard->match(Object(Mage_Core_Controller_Request_Http))
#13 /home/netakart/public_html/dev/app/code/core/Mage/Core/Model/App.php(354): Mage_Core_Controller_Varien_Front->dispatch()
#14 /home/netakart/public_html/dev/app/Mage.php(684): Mage_Core_Model_App->run(Array)
#15 /home/netakart/public_html/dev/index.php(87): Mage::run('', 'store')
#16 {main}
2015-01-31T09:35:53+00:00 ERR (3): 
exception 'Mage_Core_Exception' with message 'Invalid block type: ' in /home/netakart/public_html/dev/app/Mage.php:595
Stack trace:
#0 /home/netakart/public_html/dev/app/code/core/Mage/Core/Model/Layout.php(495): Mage::throwException('Invalid block t...')
#1 /home/netakart/public_html/dev/app/code/core/Mage/Core/Model/Layout.php(437): Mage_Core_Model_Layout->_getBlockInstance('', Array)
#2 /home/netakart/public_html/dev/app/code/core/Mage/Core/Model/Layout.php(472): Mage_Core_Model_Layout->createBlock('', 'product.info.op...')
#3 /home/netakart/public_html/dev/app/code/core/Mage/Core/Model/Layout.php(239): Mage_Core_Model_Layout->addBlock('', 'product.info.op...')
#4 /home/netakart/public_html/dev/app/code/core/Mage/Core/Model/Layout.php(205): Mage_Core_Model_Layout->_generateBlock(Object(Mage_Core_Model_Layout_Element), Object(Mage_Core_Model_Layout_Element))
#5 /home/netakart/public_html/dev/app/code/core/Mage/Core/Model/Layout.php(210): Mage_Core_Model_Layout->generateBlocks(Object(Mage_Core_Model_Layout_Element))
#6 /home/netakart/public_html/dev/app/code/core/Mage/Core/Controller/Varien/Action.php(344): Mage_Core_Model_Layout->generateBlocks()
#7 /home/netakart/public_html/dev/app/code/core/Mage/Catalog/Helper/Product/View.php(73): Mage_Core_Controller_Varien_Action->generateLayoutBlocks()
#8 /home/netakart/public_html/dev/app/code/core/Mage/Catalog/Helper/Product/View.php(144): Mage_Catalog_Helper_Product_View->initProductLayout(Object(Mage_Catalog_Model_Product), Object(Mage_Catalog_ProductController))
#9 /home/netakart/public_html/dev/app/code/core/Mage/Catalog/controllers/ProductController.php(132): Mage_Catalog_Helper_Product_View->prepareAndRender(6405, Object(Mage_Catalog_ProductController), Object(Varien_Object))
#10 /home/netakart/public_html/dev/app/code/core/Mage/Core/Controller/Varien/Action.php(418): Mage_Catalog_ProductController->viewAction()
#11 /home/netakart/public_html/dev/app/code/core/Mage/Core/Controller/Varien/Router/Standard.php(250): Mage_Core_Controller_Varien_Action->dispatch('view')
#12 /home/netakart/public_html/dev/app/code/core/Mage/Core/Controller/Varien/Front.php(172): Mage_Core_Controller_Varien_Router_Standard->match(Object(Mage_Core_Controller_Request_Http))
#13 /home/netakart/public_html/dev/app/code/core/Mage/Core/Model/App.php(354): Mage_Core_Controller_Varien_Front->dispatch()
#14 /home/netakart/public_html/dev/app/Mage.php(684): Mage_Core_Model_App->run(Array)
#15 /home/netakart/public_html/dev/index.php(87): Mage::run('', 'store')
#16 {main}
2015-01-31T09:35:53+00:00 ERR (3): 
exception 'Mage_Core_Exception' with message 'Invalid block type: ' in /home/netakart/public_html/dev/app/Mage.php:595
Stack trace:
#0 /home/netakart/public_html/dev/app/code/core/Mage/Core/Model/Layout.php(495): Mage::throwException('Invalid block t...')
#1 /home/netakart/public_html/dev/app/code/core/Mage/Core/Model/Layout.php(437): Mage_Core_Model_Layout->_getBlockInstance('', Array)
#2 /home/netakart/public_html/dev/app/code/core/Mage/Core/Model/Layout.php(472): Mage_Core_Model_Layout->createBlock('', 'product.info.op...')
#3 /home/netakart/public_html/dev/app/code/core/Mage/Core/Model/Layout.php(239): Mage_Core_Model_Layout->addBlock('', 'product.info.op...')
#4 /home/netakart/public_html/dev/app/code/core/Mage/Core/Model/Layout.php(205): Mage_Core_Model_Layout->_generateBlock(Object(Mage_Core_Model_Layout_Element), Object(Mage_Core_Model_Layout_Element))
#5 /home/netakart/public_html/dev/app/code/core/Mage/Core/Model/Layout.php(210): Mage_Core_Model_Layout->generateBlocks(Object(Mage_Core_Model_Layout_Element))
#6 /home/netakart/public_html/dev/app/code/core/Mage/Core/Controller/Varien/Action.php(344): Mage_Core_Model_Layout->generateBlocks()
#7 /home/netakart/public_html/dev/app/code/core/Mage/Catalog/Helper/Product/View.php(73): Mage_Core_Controller_Varien_Action->generateLayoutBlocks()
#8 /home/netakart/public_html/dev/app/code/core/Mage/Catalog/Helper/Product/View.php(144): Mage_Catalog_Helper_Product_View->initProductLayout(Object(Mage_Catalog_Model_Product), Object(Mage_Catalog_ProductController))
#9 /home/netakart/public_html/dev/app/code/core/Mage/Catalog/controllers/ProductController.php(132): Mage_Catalog_Helper_Product_View->prepareAndRender(6405, Object(Mage_Catalog_ProductController), Object(Varien_Object))
#10 /home/netakart/public_html/dev/app/code/core/Mage/Core/Controller/Varien/Action.php(418): Mage_Catalog_ProductController->viewAction()
#11 /home/netakart/public_html/dev/app/code/core/Mage/Core/Controller/Varien/Router/Standard.php(250): Mage_Core_Controller_Varien_Action->dispatch('view')
#12 /home/netakart/public_html/dev/app/code/core/Mage/Core/Controller/Varien/Front.php(172): Mage_Core_Controller_Varien_Router_Standard->match(Object(Mage_Core_Controller_Request_Http))
#13 /home/netakart/public_html/dev/app/code/core/Mage/Core/Model/App.php(354): Mage_Core_Controller_Varien_Front->dispatch()
#14 /home/netakart/public_html/dev/app/Mage.php(684): Mage_Core_Model_App->run(Array)
#15 /home/netakart/public_html/dev/index.php(87): Mage::run('', 'store')
#16 {main}
2015-01-31T09:35:54+00:00 ERR (3): 
exception 'Mage_Core_Exception' with message 'Invalid block type: ' in /home/netakart/public_html/dev/app/Mage.php:595
Stack trace:
#0 /home/netakart/public_html/dev/app/code/core/Mage/Core/Model/Layout.php(495): Mage::throwException('Invalid block t...')
#1 /home/netakart/public_html/dev/app/code/core/Mage/Core/Model/Layout.php(437): Mage_Core_Model_Layout->_getBlockInstance('', Array)
#2 /home/netakart/public_html/dev/app/code/core/Mage/Core/Model/Layout.php(472): Mage_Core_Model_Layout->createBlock('', 'product.info.op...')
#3 /home/netakart/public_html/dev/app/code/core/Mage/Core/Model/Layout.php(239): Mage_Core_Model_Layout->addBlock('', 'product.info.op...')
#4 /home/netakart/public_html/dev/app/code/core/Mage/Core/Model/Layout.php(205): Mage_Core_Model_Layout->_generateBlock(Object(Mage_Core_Model_Layout_Element), Object(Mage_Core_Model_Layout_Element))
#5 /home/netakart/public_html/dev/app/code/core/Mage/Core/Model/Layout.php(210): Mage_Core_Model_Layout->generateBlocks(Object(Mage_Core_Model_Layout_Element))
#6 /home/netakart/public_html/dev/app/code/core/Mage/Core/Controller/Varien/Action.php(344): Mage_Core_Model_Layout->generateBlocks()
#7 /home/netakart/public_html/dev/app/code/core/Mage/Catalog/Helper/Product/View.php(73): Mage_Core_Controller_Varien_Action->generateLayoutBlocks()
#8 /home/netakart/public_html/dev/app/code/core/Mage/Catalog/Helper/Product/View.php(144): Mage_Catalog_Helper_Product_View->initProductLayout(Object(Mage_Catalog_Model_Product), Object(Mage_Catalog_ProductController))
#9 /home/netakart/public_html/dev/app/code/core/Mage/Catalog/controllers/ProductController.php(132): Mage_Catalog_Helper_Product_View->prepareAndRender(6405, Object(Mage_Catalog_ProductController), Object(Varien_Object))
#10 /home/netakart/public_html/dev/app/code/core/Mage/Core/Controller/Varien/Action.php(418): Mage_Catalog_ProductController->viewAction()
#11 /home/netakart/public_html/dev/app/code/core/Mage/Core/Controller/Varien/Router/Standard.php(250): Mage_Core_Controller_Varien_Action->dispatch('view')
#12 /home/netakart/public_html/dev/app/code/core/Mage/Core/Controller/Varien/Front.php(172): Mage_Core_Controller_Varien_Router_Standard->match(Object(Mage_Core_Controller_Request_Http))
#13 /home/netakart/public_html/dev/app/code/core/Mage/Core/Model/App.php(354): Mage_Core_Controller_Varien_Front->dispatch()
#14 /home/netakart/public_html/dev/app/Mage.php(684): Mage_Core_Model_App->run(Array)
#15 /home/netakart/public_html/dev/index.php(87): Mage::run('', 'store')
#16 {main}
2015-01-31T09:35:55+00:00 ERR (3): 
exception 'Mage_Core_Exception' with message 'Invalid block type: ' in /home/netakart/public_html/dev/app/Mage.php:595
Stack trace:
#0 /home/netakart/public_html/dev/app/code/core/Mage/Core/Model/Layout.php(495): Mage::throwException('Invalid block t...')
#1 /home/netakart/public_html/dev/app/code/core/Mage/Core/Model/Layout.php(437): Mage_Core_Model_Layout->_getBlockInstance('', Array)
#2 /home/netakart/public_html/dev/app/code/core/Mage/Core/Model/Layout.php(472): Mage_Core_Model_Layout->createBlock('', 'product.info.op...')
#3 /home/netakart/public_html/dev/app/code/core/Mage/Core/Model/Layout.php(239): Mage_Core_Model_Layout->addBlock('', 'product.info.op...')
#4 /home/netakart/public_html/dev/app/code/core/Mage/Core/Model/Layout.php(205): Mage_Core_Model_Layout->_generateBlock(Object(Mage_Core_Model_Layout_Element), Object(Mage_Core_Model_Layout_Element))
#5 /home/netakart/public_html/dev/app/code/core/Mage/Core/Model/Layout.php(210): Mage_Core_Model_Layout->generateBlocks(Object(Mage_Core_Model_Layout_Element))
#6 /home/netakart/public_html/dev/app/code/core/Mage/Core/Controller/Varien/Action.php(344): Mage_Core_Model_Layout->generateBlocks()
#7 /home/netakart/public_html/dev/app/code/core/Mage/Catalog/Helper/Product/View.php(73): Mage_Core_Controller_Varien_Action->generateLayoutBlocks()
#8 /home/netakart/public_html/dev/app/code/core/Mage/Catalog/Helper/Product/View.php(144): Mage_Catalog_Helper_Product_View->initProductLayout(Object(Mage_Catalog_Model_Product), Object(Mage_Catalog_ProductController))
#9 /home/netakart/public_html/dev/app/code/core/Mage/Catalog/controllers/ProductController.php(132): Mage_Catalog_Helper_Product_View->prepareAndRender(6405, Object(Mage_Catalog_ProductController), Object(Varien_Object))
#10 /home/netakart/public_html/dev/app/code/core/Mage/Core/Controller/Varien/Action.php(418): Mage_Catalog_ProductController->viewAction()
#11 /home/netakart/public_html/dev/app/code/core/Mage/Core/Controller/Varien/Router/Standard.php(250): Mage_Core_Controller_Varien_Action->dispatch('view')
#12 /home/netakart/public_html/dev/app/code/core/Mage/Core/Controller/Varien/Front.php(172): Mage_Core_Controller_Varien_Router_Standard->match(Object(Mage_Core_Controller_Request_Http))
#13 /home/netakart/public_html/dev/app/code/core/Mage/Core/Model/App.php(354): Mage_Core_Controller_Varien_Front->dispatch()
#14 /home/netakart/public_html/dev/app/Mage.php(684): Mage_Core_Model_App->run(Array)
#15 /home/netakart/public_html/dev/index.php(87): Mage::run('', 'store')
#16 {main}
2015-01-31T09:36:30+00:00 ERR (3): 
exception 'Mage_Core_Exception' with message 'Invalid block type: ' in /home/netakart/public_html/dev/app/Mage.php:595
Stack trace:
#0 /home/netakart/public_html/dev/app/code/core/Mage/Core/Model/Layout.php(495): Mage::throwException('Invalid block t...')
#1 /home/netakart/public_html/dev/app/code/core/Mage/Core/Model/Layout.php(437): Mage_Core_Model_Layout->_getBlockInstance('', Array)
#2 /home/netakart/public_html/dev/app/code/core/Mage/Core/Model/Layout.php(472): Mage_Core_Model_Layout->createBlock('', 'product.info.op...')
#3 /home/netakart/public_html/dev/app/code/core/Mage/Core/Model/Layout.php(239): Mage_Core_Model_Layout->addBlock('', 'product.info.op...')
#4 /home/netakart/public_html/dev/app/code/core/Mage/Core/Model/Layout.php(205): Mage_Core_Model_Layout->_generateBlock(Object(Mage_Core_Model_Layout_Element), Object(Mage_Core_Model_Layout_Element))
#5 /home/netakart/public_html/dev/app/code/core/Mage/Core/Model/Layout.php(210): Mage_Core_Model_Layout->generateBlocks(Object(Mage_Core_Model_Layout_Element))
#6 /home/netakart/public_html/dev/app/code/core/Mage/Core/Controller/Varien/Action.php(344): Mage_Core_Model_Layout->generateBlocks()
#7 /home/netakart/public_html/dev/app/code/core/Mage/Catalog/Helper/Product/View.php(73): Mage_Core_Controller_Varien_Action->generateLayoutBlocks()
#8 /home/netakart/public_html/dev/app/code/core/Mage/Catalog/Helper/Product/View.php(144): Mage_Catalog_Helper_Product_View->initProductLayout(Object(Mage_Catalog_Model_Product), Object(Mage_Catalog_ProductController))
#9 /home/netakart/public_html/dev/app/code/core/Mage/Catalog/controllers/ProductController.php(132): Mage_Catalog_Helper_Product_View->prepareAndRender(6405, Object(Mage_Catalog_ProductController), Object(Varien_Object))
#10 /home/netakart/public_html/dev/app/code/core/Mage/Core/Controller/Varien/Action.php(418): Mage_Catalog_ProductController->viewAction()
#11 /home/netakart/public_html/dev/app/code/core/Mage/Core/Controller/Varien/Router/Standard.php(250): Mage_Core_Controller_Varien_Action->dispatch('view')
#12 /home/netakart/public_html/dev/app/code/core/Mage/Core/Controller/Varien/Front.php(172): Mage_Core_Controller_Varien_Router_Standard->match(Object(Mage_Core_Controller_Request_Http))
#13 /home/netakart/public_html/dev/app/code/core/Mage/Core/Model/App.php(354): Mage_Core_Controller_Varien_Front->dispatch()
#14 /home/netakart/public_html/dev/app/Mage.php(684): Mage_Core_Model_App->run(Array)
#15 /home/netakart/public_html/dev/index.php(87): Mage::run('', 'store')
#16 {main}
2015-01-31T09:37:49+00:00 ERR (3): 
exception 'Mage_Core_Exception' with message 'Invalid block type: ' in /home/netakart/public_html/dev/app/Mage.php:595
Stack trace:
#0 /home/netakart/public_html/dev/app/code/core/Mage/Core/Model/Layout.php(495): Mage::throwException('Invalid block t...')
#1 /home/netakart/public_html/dev/app/code/core/Mage/Core/Model/Layout.php(437): Mage_Core_Model_Layout->_getBlockInstance('', Array)
#2 /home/netakart/public_html/dev/app/code/core/Mage/Core/Model/Layout.php(472): Mage_Core_Model_Layout->createBlock('', 'product.info.op...')
#3 /home/netakart/public_html/dev/app/code/core/Mage/Core/Model/Layout.php(239): Mage_Core_Model_Layout->addBlock('', 'product.info.op...')
#4 /home/netakart/public_html/dev/app/code/core/Mage/Core/Model/Layout.php(205): Mage_Core_Model_Layout->_generateBlock(Object(Mage_Core_Model_Layout_Element), Object(Mage_Core_Model_Layout_Element))
#5 /home/netakart/public_html/dev/app/code/core/Mage/Core/Model/Layout.php(210): Mage_Core_Model_Layout->generateBlocks(Object(Mage_Core_Model_Layout_Element))
#6 /home/netakart/public_html/dev/app/code/core/Mage/Core/Controller/Varien/Action.php(344): Mage_Core_Model_Layout->generateBlocks()
#7 /home/netakart/public_html/dev/app/code/core/Mage/Catalog/Helper/Product/View.php(73): Mage_Core_Controller_Varien_Action->generateLayoutBlocks()
#8 /home/netakart/public_html/dev/app/code/core/Mage/Catalog/Helper/Product/View.php(144): Mage_Catalog_Helper_Product_View->initProductLayout(Object(Mage_Catalog_Model_Product), Object(Mage_Catalog_ProductController))
#9 /home/netakart/public_html/dev/app/code/core/Mage/Catalog/controllers/ProductController.php(132): Mage_Catalog_Helper_Product_View->prepareAndRender(6405, Object(Mage_Catalog_ProductController), Object(Varien_Object))
#10 /home/netakart/public_html/dev/app/code/core/Mage/Core/Controller/Varien/Action.php(418): Mage_Catalog_ProductController->viewAction()
#11 /home/netakart/public_html/dev/app/code/core/Mage/Core/Controller/Varien/Router/Standard.php(250): Mage_Core_Controller_Varien_Action->dispatch('view')
#12 /home/netakart/public_html/dev/app/code/core/Mage/Core/Controller/Varien/Front.php(172): Mage_Core_Controller_Varien_Router_Standard->match(Object(Mage_Core_Controller_Request_Http))
#13 /home/netakart/public_html/dev/app/code/core/Mage/Core/Model/App.php(354): Mage_Core_Controller_Varien_Front->dispatch()
#14 /home/netakart/public_html/dev/app/Mage.php(684): Mage_Core_Model_App->run(Array)
#15 /home/netakart/public_html/dev/index.php(87): Mage::run('', 'store')
#16 {main}
2015-01-31T09:38:37+00:00 ERR (3): 
exception 'Mage_Core_Exception' with message 'Invalid block type: ' in /home/netakart/public_html/dev/app/Mage.php:595
Stack trace:
#0 /home/netakart/public_html/dev/app/code/core/Mage/Core/Model/Layout.php(495): Mage::throwException('Invalid block t...')
#1 /home/netakart/public_html/dev/app/code/core/Mage/Core/Model/Layout.php(437): Mage_Core_Model_Layout->_getBlockInstance('', Array)
#2 /home/netakart/public_html/dev/app/code/core/Mage/Core/Model/Layout.php(472): Mage_Core_Model_Layout->createBlock('', 'product.info.op...')
#3 /home/netakart/public_html/dev/app/code/core/Mage/Core/Model/Layout.php(239): Mage_Core_Model_Layout->addBlock('', 'product.info.op...')
#4 /home/netakart/public_html/dev/app/code/core/Mage/Core/Model/Layout.php(205): Mage_Core_Model_Layout->_generateBlock(Object(Mage_Core_Model_Layout_Element), Object(Mage_Core_Model_Layout_Element))
#5 /home/netakart/public_html/dev/app/code/core/Mage/Core/Model/Layout.php(210): Mage_Core_Model_Layout->generateBlocks(Object(Mage_Core_Model_Layout_Element))
#6 /home/netakart/public_html/dev/app/code/core/Mage/Core/Controller/Varien/Action.php(344): Mage_Core_Model_Layout->generateBlocks()
#7 /home/netakart/public_html/dev/app/code/core/Mage/Catalog/Helper/Product/View.php(73): Mage_Core_Controller_Varien_Action->generateLayoutBlocks()
#8 /home/netakart/public_html/dev/app/code/core/Mage/Catalog/Helper/Product/View.php(144): Mage_Catalog_Helper_Product_View->initProductLayout(Object(Mage_Catalog_Model_Product), Object(Mage_Catalog_ProductController))
#9 /home/netakart/public_html/dev/app/code/core/Mage/Catalog/controllers/ProductController.php(132): Mage_Catalog_Helper_Product_View->prepareAndRender(6405, Object(Mage_Catalog_ProductController), Object(Varien_Object))
#10 /home/netakart/public_html/dev/app/code/core/Mage/Core/Controller/Varien/Action.php(418): Mage_Catalog_ProductController->viewAction()
#11 /home/netakart/public_html/dev/app/code/core/Mage/Core/Controller/Varien/Router/Standard.php(250): Mage_Core_Controller_Varien_Action->dispatch('view')
#12 /home/netakart/public_html/dev/app/code/core/Mage/Core/Controller/Varien/Front.php(172): Mage_Core_Controller_Varien_Router_Standard->match(Object(Mage_Core_Controller_Request_Http))
#13 /home/netakart/public_html/dev/app/code/core/Mage/Core/Model/App.php(354): Mage_Core_Controller_Varien_Front->dispatch()
#14 /home/netakart/public_html/dev/app/Mage.php(684): Mage_Core_Model_App->run(Array)
#15 /home/netakart/public_html/dev/index.php(87): Mage::run('', 'store')
#16 {main}
2015-01-31T09:38:50+00:00 ERR (3): 
exception 'Mage_Core_Exception' with message 'Invalid block type: ' in /home/netakart/public_html/dev/app/Mage.php:595
Stack trace:
#0 /home/netakart/public_html/dev/app/code/core/Mage/Core/Model/Layout.php(495): Mage::throwException('Invalid block t...')
#1 /home/netakart/public_html/dev/app/code/core/Mage/Core/Model/Layout.php(437): Mage_Core_Model_Layout->_getBlockInstance('', Array)
#2 /home/netakart/public_html/dev/app/code/core/Mage/Core/Model/Layout.php(472): Mage_Core_Model_Layout->createBlock('', 'product.info.op...')
#3 /home/netakart/public_html/dev/app/code/core/Mage/Core/Model/Layout.php(239): Mage_Core_Model_Layout->addBlock('', 'product.info.op...')
#4 /home/netakart/public_html/dev/app/code/core/Mage/Core/Model/Layout.php(205): Mage_Core_Model_Layout->_generateBlock(Object(Mage_Core_Model_Layout_Element), Object(Mage_Core_Model_Layout_Element))
#5 /home/netakart/public_html/dev/app/code/core/Mage/Core/Model/Layout.php(210): Mage_Core_Model_Layout->generateBlocks(Object(Mage_Core_Model_Layout_Element))
#6 /home/netakart/public_html/dev/app/code/core/Mage/Core/Controller/Varien/Action.php(344): Mage_Core_Model_Layout->generateBlocks()
#7 /home/netakart/public_html/dev/app/code/core/Mage/Catalog/Helper/Product/View.php(73): Mage_Core_Controller_Varien_Action->generateLayoutBlocks()
#8 /home/netakart/public_html/dev/app/code/core/Mage/Catalog/Helper/Product/View.php(144): Mage_Catalog_Helper_Product_View->initProductLayout(Object(Mage_Catalog_Model_Product), Object(Mage_Catalog_ProductController))
#9 /home/netakart/public_html/dev/app/code/core/Mage/Catalog/controllers/ProductController.php(132): Mage_Catalog_Helper_Product_View->prepareAndRender(6405, Object(Mage_Catalog_ProductController), Object(Varien_Object))
#10 /home/netakart/public_html/dev/app/code/core/Mage/Core/Controller/Varien/Action.php(418): Mage_Catalog_ProductController->viewAction()
#11 /home/netakart/public_html/dev/app/code/core/Mage/Core/Controller/Varien/Router/Standard.php(250): Mage_Core_Controller_Varien_Action->dispatch('view')
#12 /home/netakart/public_html/dev/app/code/core/Mage/Core/Controller/Varien/Front.php(172): Mage_Core_Controller_Varien_Router_Standard->match(Object(Mage_Core_Controller_Request_Http))
#13 /home/netakart/public_html/dev/app/code/core/Mage/Core/Model/App.php(354): Mage_Core_Controller_Varien_Front->dispatch()
#14 /home/netakart/public_html/dev/app/Mage.php(684): Mage_Core_Model_App->run(Array)
#15 /home/netakart/public_html/dev/index.php(87): Mage::run('', 'store')
#16 {main}
2015-01-31T09:39:20+00:00 ERR (3): 
exception 'Mage_Core_Exception' with message 'Invalid block type: ' in /home/netakart/public_html/dev/app/Mage.php:595
Stack trace:
#0 /home/netakart/public_html/dev/app/code/core/Mage/Core/Model/Layout.php(495): Mage::throwException('Invalid block t...')
#1 /home/netakart/public_html/dev/app/code/core/Mage/Core/Model/Layout.php(437): Mage_Core_Model_Layout->_getBlockInstance('', Array)
#2 /home/netakart/public_html/dev/app/code/core/Mage/Core/Model/Layout.php(472): Mage_Core_Model_Layout->createBlock('', 'product.info.op...')
#3 /home/netakart/public_html/dev/app/code/core/Mage/Core/Model/Layout.php(239): Mage_Core_Model_Layout->addBlock('', 'product.info.op...')
#4 /home/netakart/public_html/dev/app/code/core/Mage/Core/Model/Layout.php(205): Mage_Core_Model_Layout->_generateBlock(Object(Mage_Core_Model_Layout_Element), Object(Mage_Core_Model_Layout_Element))
#5 /home/netakart/public_html/dev/app/code/core/Mage/Core/Model/Layout.php(210): Mage_Core_Model_Layout->generateBlocks(Object(Mage_Core_Model_Layout_Element))
#6 /home/netakart/public_html/dev/app/code/core/Mage/Core/Controller/Varien/Action.php(344): Mage_Core_Model_Layout->generateBlocks()
#7 /home/netakart/public_html/dev/app/code/core/Mage/Catalog/Helper/Product/View.php(73): Mage_Core_Controller_Varien_Action->generateLayoutBlocks()
#8 /home/netakart/public_html/dev/app/code/core/Mage/Catalog/Helper/Product/View.php(144): Mage_Catalog_Helper_Product_View->initProductLayout(Object(Mage_Catalog_Model_Product), Object(Mage_Catalog_ProductController))
#9 /home/netakart/public_html/dev/app/code/core/Mage/Catalog/controllers/ProductController.php(132): Mage_Catalog_Helper_Product_View->prepareAndRender(6405, Object(Mage_Catalog_ProductController), Object(Varien_Object))
#10 /home/netakart/public_html/dev/app/code/core/Mage/Core/Controller/Varien/Action.php(418): Mage_Catalog_ProductController->viewAction()
#11 /home/netakart/public_html/dev/app/code/core/Mage/Core/Controller/Varien/Router/Standard.php(250): Mage_Core_Controller_Varien_Action->dispatch('view')
#12 /home/netakart/public_html/dev/app/code/core/Mage/Core/Controller/Varien/Front.php(172): Mage_Core_Controller_Varien_Router_Standard->match(Object(Mage_Core_Controller_Request_Http))
#13 /home/netakart/public_html/dev/app/code/core/Mage/Core/Model/App.php(354): Mage_Core_Controller_Varien_Front->dispatch()
#14 /home/netakart/public_html/dev/app/Mage.php(684): Mage_Core_Model_App->run(Array)
#15 /home/netakart/public_html/dev/index.php(87): Mage::run('', 'store')
#16 {main}
2015-01-31T09:41:31+00:00 ERR (3): 
exception 'Mage_Core_Exception' with message 'Invalid block type: ' in /home/netakart/public_html/dev/app/Mage.php:595
Stack trace:
#0 /home/netakart/public_html/dev/app/code/core/Mage/Core/Model/Layout.php(495): Mage::throwException('Invalid block t...')
#1 /home/netakart/public_html/dev/app/code/core/Mage/Core/Model/Layout.php(437): Mage_Core_Model_Layout->_getBlockInstance('', Array)
#2 /home/netakart/public_html/dev/app/code/core/Mage/Core/Model/Layout.php(472): Mage_Core_Model_Layout->createBlock('', 'product.info.op...')
#3 /home/netakart/public_html/dev/app/code/core/Mage/Core/Model/Layout.php(239): Mage_Core_Model_Layout->addBlock('', 'product.info.op...')
#4 /home/netakart/public_html/dev/app/code/core/Mage/Core/Model/Layout.php(205): Mage_Core_Model_Layout->_generateBlock(Object(Mage_Core_Model_Layout_Element), Object(Mage_Core_Model_Layout_Element))
#5 /home/netakart/public_html/dev/app/code/core/Mage/Core/Model/Layout.php(210): Mage_Core_Model_Layout->generateBlocks(Object(Mage_Core_Model_Layout_Element))
#6 /home/netakart/public_html/dev/app/code/core/Mage/Core/Controller/Varien/Action.php(344): Mage_Core_Model_Layout->generateBlocks()
#7 /home/netakart/public_html/dev/app/code/core/Mage/Catalog/Helper/Product/View.php(73): Mage_Core_Controller_Varien_Action->generateLayoutBlocks()
#8 /home/netakart/public_html/dev/app/code/core/Mage/Catalog/Helper/Product/View.php(144): Mage_Catalog_Helper_Product_View->initProductLayout(Object(Mage_Catalog_Model_Product), Object(Mage_Catalog_ProductController))
#9 /home/netakart/public_html/dev/app/code/core/Mage/Catalog/controllers/ProductController.php(132): Mage_Catalog_Helper_Product_View->prepareAndRender(6405, Object(Mage_Catalog_ProductController), Object(Varien_Object))
#10 /home/netakart/public_html/dev/app/code/core/Mage/Core/Controller/Varien/Action.php(418): Mage_Catalog_ProductController->viewAction()
#11 /home/netakart/public_html/dev/app/code/core/Mage/Core/Controller/Varien/Router/Standard.php(250): Mage_Core_Controller_Varien_Action->dispatch('view')
#12 /home/netakart/public_html/dev/app/code/core/Mage/Core/Controller/Varien/Front.php(172): Mage_Core_Controller_Varien_Router_Standard->match(Object(Mage_Core_Controller_Request_Http))
#13 /home/netakart/public_html/dev/app/code/core/Mage/Core/Model/App.php(354): Mage_Core_Controller_Varien_Front->dispatch()
#14 /home/netakart/public_html/dev/app/Mage.php(684): Mage_Core_Model_App->run(Array)
#15 /home/netakart/public_html/dev/index.php(87): Mage::run('', 'store')
#16 {main}
2015-01-31T09:41:33+00:00 ERR (3): 
exception 'Mage_Core_Exception' with message 'Invalid block type: ' in /home/netakart/public_html/dev/app/Mage.php:595
Stack trace:
#0 /home/netakart/public_html/dev/app/code/core/Mage/Core/Model/Layout.php(495): Mage::throwException('Invalid block t...')
#1 /home/netakart/public_html/dev/app/code/core/Mage/Core/Model/Layout.php(437): Mage_Core_Model_Layout->_getBlockInstance('', Array)
#2 /home/netakart/public_html/dev/app/code/core/Mage/Core/Model/Layout.php(472): Mage_Core_Model_Layout->createBlock('', 'product.info.op...')
#3 /home/netakart/public_html/dev/app/code/core/Mage/Core/Model/Layout.php(239): Mage_Core_Model_Layout->addBlock('', 'product.info.op...')
#4 /home/netakart/public_html/dev/app/code/core/Mage/Core/Model/Layout.php(205): Mage_Core_Model_Layout->_generateBlock(Object(Mage_Core_Model_Layout_Element), Object(Mage_Core_Model_Layout_Element))
#5 /home/netakart/public_html/dev/app/code/core/Mage/Core/Model/Layout.php(210): Mage_Core_Model_Layout->generateBlocks(Object(Mage_Core_Model_Layout_Element))
#6 /home/netakart/public_html/dev/app/code/core/Mage/Core/Controller/Varien/Action.php(344): Mage_Core_Model_Layout->generateBlocks()
#7 /home/netakart/public_html/dev/app/code/core/Mage/Catalog/Helper/Product/View.php(73): Mage_Core_Controller_Varien_Action->generateLayoutBlocks()
#8 /home/netakart/public_html/dev/app/code/core/Mage/Catalog/Helper/Product/View.php(144): Mage_Catalog_Helper_Product_View->initProductLayout(Object(Mage_Catalog_Model_Product), Object(Mage_Catalog_ProductController))
#9 /home/netakart/public_html/dev/app/code/core/Mage/Catalog/controllers/ProductController.php(132): Mage_Catalog_Helper_Product_View->prepareAndRender(6405, Object(Mage_Catalog_ProductController), Object(Varien_Object))
#10 /home/netakart/public_html/dev/app/code/core/Mage/Core/Controller/Varien/Action.php(418): Mage_Catalog_ProductController->viewAction()
#11 /home/netakart/public_html/dev/app/code/core/Mage/Core/Controller/Varien/Router/Standard.php(250): Mage_Core_Controller_Varien_Action->dispatch('view')
#12 /home/netakart/public_html/dev/app/code/core/Mage/Core/Controller/Varien/Front.php(172): Mage_Core_Controller_Varien_Router_Standard->match(Object(Mage_Core_Controller_Request_Http))
#13 /home/netakart/public_html/dev/app/code/core/Mage/Core/Model/App.php(354): Mage_Core_Controller_Varien_Front->dispatch()
#14 /home/netakart/public_html/dev/app/Mage.php(684): Mage_Core_Model_App->run(Array)
#15 /home/netakart/public_html/dev/index.php(87): Mage::run('', 'store')
#16 {main}
2015-01-31T09:42:32+00:00 ERR (3): 
exception 'Mage_Core_Exception' with message 'Invalid block type: ' in /home/netakart/public_html/dev/app/Mage.php:595
Stack trace:
#0 /home/netakart/public_html/dev/app/code/core/Mage/Core/Model/Layout.php(495): Mage::throwException('Invalid block t...')
#1 /home/netakart/public_html/dev/app/code/core/Mage/Core/Model/Layout.php(437): Mage_Core_Model_Layout->_getBlockInstance('', Array)
#2 /home/netakart/public_html/dev/app/code/core/Mage/Core/Model/Layout.php(472): Mage_Core_Model_Layout->createBlock('', 'product.info.op...')
#3 /home/netakart/public_html/dev/app/code/core/Mage/Core/Model/Layout.php(239): Mage_Core_Model_Layout->addBlock('', 'product.info.op...')
#4 /home/netakart/public_html/dev/app/code/core/Mage/Core/Model/Layout.php(205): Mage_Core_Model_Layout->_generateBlock(Object(Mage_Core_Model_Layout_Element), Object(Mage_Core_Model_Layout_Element))
#5 /home/netakart/public_html/dev/app/code/core/Mage/Core/Model/Layout.php(210): Mage_Core_Model_Layout->generateBlocks(Object(Mage_Core_Model_Layout_Element))
#6 /home/netakart/public_html/dev/app/code/core/Mage/Core/Controller/Varien/Action.php(344): Mage_Core_Model_Layout->generateBlocks()
#7 /home/netakart/public_html/dev/app/code/core/Mage/Catalog/Helper/Product/View.php(73): Mage_Core_Controller_Varien_Action->generateLayoutBlocks()
#8 /home/netakart/public_html/dev/app/code/core/Mage/Catalog/Helper/Product/View.php(144): Mage_Catalog_Helper_Product_View->initProductLayout(Object(Mage_Catalog_Model_Product), Object(Mage_Catalog_ProductController))
#9 /home/netakart/public_html/dev/app/code/core/Mage/Catalog/controllers/ProductController.php(132): Mage_Catalog_Helper_Product_View->prepareAndRender(6405, Object(Mage_Catalog_ProductController), Object(Varien_Object))
#10 /home/netakart/public_html/dev/app/code/core/Mage/Core/Controller/Varien/Action.php(418): Mage_Catalog_ProductController->viewAction()
#11 /home/netakart/public_html/dev/app/code/core/Mage/Core/Controller/Varien/Router/Standard.php(250): Mage_Core_Controller_Varien_Action->dispatch('view')
#12 /home/netakart/public_html/dev/app/code/core/Mage/Core/Controller/Varien/Front.php(172): Mage_Core_Controller_Varien_Router_Standard->match(Object(Mage_Core_Controller_Request_Http))
#13 /home/netakart/public_html/dev/app/code/core/Mage/Core/Model/App.php(354): Mage_Core_Controller_Varien_Front->dispatch()
#14 /home/netakart/public_html/dev/app/Mage.php(684): Mage_Core_Model_App->run(Array)
#15 /home/netakart/public_html/dev/index.php(87): Mage::run('', 'store')
#16 {main}
2015-01-31T09:43:12+00:00 ERR (3): 
exception 'Mage_Core_Exception' with message 'Invalid block type: ' in /home/netakart/public_html/dev/app/Mage.php:595
Stack trace:
#0 /home/netakart/public_html/dev/app/code/core/Mage/Core/Model/Layout.php(495): Mage::throwException('Invalid block t...')
#1 /home/netakart/public_html/dev/app/code/core/Mage/Core/Model/Layout.php(437): Mage_Core_Model_Layout->_getBlockInstance('', Array)
#2 /home/netakart/public_html/dev/app/code/core/Mage/Core/Model/Layout.php(472): Mage_Core_Model_Layout->createBlock('', 'product.info.op...')
#3 /home/netakart/public_html/dev/app/code/core/Mage/Core/Model/Layout.php(239): Mage_Core_Model_Layout->addBlock('', 'product.info.op...')
#4 /home/netakart/public_html/dev/app/code/core/Mage/Core/Model/Layout.php(205): Mage_Core_Model_Layout->_generateBlock(Object(Mage_Core_Model_Layout_Element), Object(Mage_Core_Model_Layout_Element))
#5 /home/netakart/public_html/dev/app/code/core/Mage/Core/Model/Layout.php(210): Mage_Core_Model_Layout->generateBlocks(Object(Mage_Core_Model_Layout_Element))
#6 /home/netakart/public_html/dev/app/code/core/Mage/Core/Controller/Varien/Action.php(344): Mage_Core_Model_Layout->generateBlocks()
#7 /home/netakart/public_html/dev/app/code/core/Mage/Catalog/Helper/Product/View.php(73): Mage_Core_Controller_Varien_Action->generateLayoutBlocks()
#8 /home/netakart/public_html/dev/app/code/core/Mage/Catalog/Helper/Product/View.php(144): Mage_Catalog_Helper_Product_View->initProductLayout(Object(Mage_Catalog_Model_Product), Object(Mage_Catalog_ProductController))
#9 /home/netakart/public_html/dev/app/code/core/Mage/Catalog/controllers/ProductController.php(132): Mage_Catalog_Helper_Product_View->prepareAndRender(6405, Object(Mage_Catalog_ProductController), Object(Varien_Object))
#10 /home/netakart/public_html/dev/app/code/core/Mage/Core/Controller/Varien/Action.php(418): Mage_Catalog_ProductController->viewAction()
#11 /home/netakart/public_html/dev/app/code/core/Mage/Core/Controller/Varien/Router/Standard.php(250): Mage_Core_Controller_Varien_Action->dispatch('view')
#12 /home/netakart/public_html/dev/app/code/core/Mage/Core/Controller/Varien/Front.php(172): Mage_Core_Controller_Varien_Router_Standard->match(Object(Mage_Core_Controller_Request_Http))
#13 /home/netakart/public_html/dev/app/code/core/Mage/Core/Model/App.php(354): Mage_Core_Controller_Varien_Front->dispatch()
#14 /home/netakart/public_html/dev/app/Mage.php(684): Mage_Core_Model_App->run(Array)
#15 /home/netakart/public_html/dev/index.php(87): Mage::run('', 'store')
#16 {main}
2015-01-31T09:45:50+00:00 ERR (3): 
exception 'Mage_Core_Exception' with message 'Invalid block type: ' in /home/netakart/public_html/dev/app/Mage.php:595
Stack trace:
#0 /home/netakart/public_html/dev/app/code/core/Mage/Core/Model/Layout.php(495): Mage::throwException('Invalid block t...')
#1 /home/netakart/public_html/dev/app/code/core/Mage/Core/Model/Layout.php(437): Mage_Core_Model_Layout->_getBlockInstance('', Array)
#2 /home/netakart/public_html/dev/app/code/core/Mage/Core/Model/Layout.php(472): Mage_Core_Model_Layout->createBlock('', 'product.info.op...')
#3 /home/netakart/public_html/dev/app/code/core/Mage/Core/Model/Layout.php(239): Mage_Core_Model_Layout->addBlock('', 'product.info.op...')
#4 /home/netakart/public_html/dev/app/code/core/Mage/Core/Model/Layout.php(205): Mage_Core_Model_Layout->_generateBlock(Object(Mage_Core_Model_Layout_Element), Object(Mage_Core_Model_Layout_Element))
#5 /home/netakart/public_html/dev/app/code/core/Mage/Core/Model/Layout.php(210): Mage_Core_Model_Layout->generateBlocks(Object(Mage_Core_Model_Layout_Element))
#6 /home/netakart/public_html/dev/app/code/core/Mage/Core/Controller/Varien/Action.php(344): Mage_Core_Model_Layout->generateBlocks()
#7 /home/netakart/public_html/dev/app/code/core/Mage/Catalog/Helper/Product/View.php(73): Mage_Core_Controller_Varien_Action->generateLayoutBlocks()
#8 /home/netakart/public_html/dev/app/code/core/Mage/Catalog/Helper/Product/View.php(144): Mage_Catalog_Helper_Product_View->initProductLayout(Object(Mage_Catalog_Model_Product), Object(Mage_Catalog_ProductController))
#9 /home/netakart/public_html/dev/app/code/core/Mage/Catalog/controllers/ProductController.php(132): Mage_Catalog_Helper_Product_View->prepareAndRender(6405, Object(Mage_Catalog_ProductController), Object(Varien_Object))
#10 /home/netakart/public_html/dev/app/code/core/Mage/Core/Controller/Varien/Action.php(418): Mage_Catalog_ProductController->viewAction()
#11 /home/netakart/public_html/dev/app/code/core/Mage/Core/Controller/Varien/Router/Standard.php(250): Mage_Core_Controller_Varien_Action->dispatch('view')
#12 /home/netakart/public_html/dev/app/code/core/Mage/Core/Controller/Varien/Front.php(172): Mage_Core_Controller_Varien_Router_Standard->match(Object(Mage_Core_Controller_Request_Http))
#13 /home/netakart/public_html/dev/app/code/core/Mage/Core/Model/App.php(354): Mage_Core_Controller_Varien_Front->dispatch()
#14 /home/netakart/public_html/dev/app/Mage.php(684): Mage_Core_Model_App->run(Array)
#15 /home/netakart/public_html/dev/index.php(87): Mage::run('', 'store')
#16 {main}
2015-01-31T09:49:34+00:00 ERR (3): 
exception 'Mage_Core_Exception' with message 'Invalid block type: ' in /home/netakart/public_html/dev/app/Mage.php:595
Stack trace:
#0 /home/netakart/public_html/dev/app/code/core/Mage/Core/Model/Layout.php(495): Mage::throwException('Invalid block t...')
#1 /home/netakart/public_html/dev/app/code/core/Mage/Core/Model/Layout.php(437): Mage_Core_Model_Layout->_getBlockInstance('', Array)
#2 /home/netakart/public_html/dev/app/code/core/Mage/Core/Model/Layout.php(472): Mage_Core_Model_Layout->createBlock('', 'product.info.op...')
#3 /home/netakart/public_html/dev/app/code/core/Mage/Core/Model/Layout.php(239): Mage_Core_Model_Layout->addBlock('', 'product.info.op...')
#4 /home/netakart/public_html/dev/app/code/core/Mage/Core/Model/Layout.php(205): Mage_Core_Model_Layout->_generateBlock(Object(Mage_Core_Model_Layout_Element), Object(Mage_Core_Model_Layout_Element))
#5 /home/netakart/public_html/dev/app/code/core/Mage/Core/Model/Layout.php(210): Mage_Core_Model_Layout->generateBlocks(Object(Mage_Core_Model_Layout_Element))
#6 /home/netakart/public_html/dev/app/code/core/Mage/Core/Controller/Varien/Action.php(344): Mage_Core_Model_Layout->generateBlocks()
#7 /home/netakart/public_html/dev/app/code/core/Mage/Catalog/Helper/Product/View.php(73): Mage_Core_Controller_Varien_Action->generateLayoutBlocks()
#8 /home/netakart/public_html/dev/app/code/core/Mage/Catalog/Helper/Product/View.php(144): Mage_Catalog_Helper_Product_View->initProductLayout(Object(Mage_Catalog_Model_Product), Object(Mage_Catalog_ProductController))
#9 /home/netakart/public_html/dev/app/code/core/Mage/Catalog/controllers/ProductController.php(132): Mage_Catalog_Helper_Product_View->prepareAndRender(6405, Object(Mage_Catalog_ProductController), Object(Varien_Object))
#10 /home/netakart/public_html/dev/app/code/core/Mage/Core/Controller/Varien/Action.php(418): Mage_Catalog_ProductController->viewAction()
#11 /home/netakart/public_html/dev/app/code/core/Mage/Core/Controller/Varien/Router/Standard.php(250): Mage_Core_Controller_Varien_Action->dispatch('view')
#12 /home/netakart/public_html/dev/app/code/core/Mage/Core/Controller/Varien/Front.php(172): Mage_Core_Controller_Varien_Router_Standard->match(Object(Mage_Core_Controller_Request_Http))
#13 /home/netakart/public_html/dev/app/code/core/Mage/Core/Model/App.php(354): Mage_Core_Controller_Varien_Front->dispatch()
#14 /home/netakart/public_html/dev/app/Mage.php(684): Mage_Core_Model_App->run(Array)
#15 /home/netakart/public_html/dev/index.php(87): Mage::run('', 'store')
#16 {main}
2015-01-31T09:52:15+00:00 ERR (3): 
exception 'Mage_Core_Exception' with message 'Invalid block type: ' in /home/netakart/public_html/dev/app/Mage.php:595
Stack trace:
#0 /home/netakart/public_html/dev/app/code/core/Mage/Core/Model/Layout.php(495): Mage::throwException('Invalid block t...')
#1 /home/netakart/public_html/dev/app/code/core/Mage/Core/Model/Layout.php(437): Mage_Core_Model_Layout->_getBlockInstance('', Array)
#2 /home/netakart/public_html/dev/app/code/core/Mage/Core/Model/Layout.php(472): Mage_Core_Model_Layout->createBlock('', 'product.info.op...')
#3 /home/netakart/public_html/dev/app/code/core/Mage/Core/Model/Layout.php(239): Mage_Core_Model_Layout->addBlock('', 'product.info.op...')
#4 /home/netakart/public_html/dev/app/code/core/Mage/Core/Model/Layout.php(205): Mage_Core_Model_Layout->_generateBlock(Object(Mage_Core_Model_Layout_Element), Object(Mage_Core_Model_Layout_Element))
#5 /home/netakart/public_html/dev/app/code/core/Mage/Core/Model/Layout.php(210): Mage_Core_Model_Layout->generateBlocks(Object(Mage_Core_Model_Layout_Element))
#6 /home/netakart/public_html/dev/app/code/core/Mage/Core/Controller/Varien/Action.php(344): Mage_Core_Model_Layout->generateBlocks()
#7 /home/netakart/public_html/dev/app/code/core/Mage/Catalog/Helper/Product/View.php(73): Mage_Core_Controller_Varien_Action->generateLayoutBlocks()
#8 /home/netakart/public_html/dev/app/code/core/Mage/Catalog/Helper/Product/View.php(144): Mage_Catalog_Helper_Product_View->initProductLayout(Object(Mage_Catalog_Model_Product), Object(Mage_Catalog_ProductController))
#9 /home/netakart/public_html/dev/app/code/core/Mage/Catalog/controllers/ProductController.php(132): Mage_Catalog_Helper_Product_View->prepareAndRender(6405, Object(Mage_Catalog_ProductController), Object(Varien_Object))
#10 /home/netakart/public_html/dev/app/code/core/Mage/Core/Controller/Varien/Action.php(418): Mage_Catalog_ProductController->viewAction()
#11 /home/netakart/public_html/dev/app/code/core/Mage/Core/Controller/Varien/Router/Standard.php(250): Mage_Core_Controller_Varien_Action->dispatch('view')
#12 /home/netakart/public_html/dev/app/code/core/Mage/Core/Controller/Varien/Front.php(172): Mage_Core_Controller_Varien_Router_Standard->match(Object(Mage_Core_Controller_Request_Http))
#13 /home/netakart/public_html/dev/app/code/core/Mage/Core/Model/App.php(354): Mage_Core_Controller_Varien_Front->dispatch()
#14 /home/netakart/public_html/dev/app/Mage.php(684): Mage_Core_Model_App->run(Array)
#15 /home/netakart/public_html/dev/index.php(87): Mage::run('', 'store')
#16 {main}
2015-01-31T09:59:44+00:00 ERR (3): 
exception 'Mage_Core_Exception' with message 'Invalid block type: ' in /home/netakart/public_html/dev/app/Mage.php:595
Stack trace:
#0 /home/netakart/public_html/dev/app/code/core/Mage/Core/Model/Layout.php(495): Mage::throwException('Invalid block t...')
#1 /home/netakart/public_html/dev/app/code/core/Mage/Core/Model/Layout.php(437): Mage_Core_Model_Layout->_getBlockInstance('', Array)
#2 /home/netakart/public_html/dev/app/code/core/Mage/Core/Model/Layout.php(472): Mage_Core_Model_Layout->createBlock('', 'product.info.op...')
#3 /home/netakart/public_html/dev/app/code/core/Mage/Core/Model/Layout.php(239): Mage_Core_Model_Layout->addBlock('', 'product.info.op...')
#4 /home/netakart/public_html/dev/app/code/core/Mage/Core/Model/Layout.php(205): Mage_Core_Model_Layout->_generateBlock(Object(Mage_Core_Model_Layout_Element), Object(Mage_Core_Model_Layout_Element))
#5 /home/netakart/public_html/dev/app/code/core/Mage/Core/Model/Layout.php(210): Mage_Core_Model_Layout->generateBlocks(Object(Mage_Core_Model_Layout_Element))
#6 /home/netakart/public_html/dev/app/code/core/Mage/Core/Controller/Varien/Action.php(344): Mage_Core_Model_Layout->generateBlocks()
#7 /home/netakart/public_html/dev/app/code/core/Mage/Catalog/Helper/Product/View.php(73): Mage_Core_Controller_Varien_Action->generateLayoutBlocks()
#8 /home/netakart/public_html/dev/app/code/core/Mage/Catalog/Helper/Product/View.php(144): Mage_Catalog_Helper_Product_View->initProductLayout(Object(Mage_Catalog_Model_Product), Object(Mage_Catalog_ProductController))
#9 /home/netakart/public_html/dev/app/code/core/Mage/Catalog/controllers/ProductController.php(132): Mage_Catalog_Helper_Product_View->prepareAndRender(6405, Object(Mage_Catalog_ProductController), Object(Varien_Object))
#10 /home/netakart/public_html/dev/app/code/core/Mage/Core/Controller/Varien/Action.php(418): Mage_Catalog_ProductController->viewAction()
#11 /home/netakart/public_html/dev/app/code/core/Mage/Core/Controller/Varien/Router/Standard.php(250): Mage_Core_Controller_Varien_Action->dispatch('view')
#12 /home/netakart/public_html/dev/app/code/core/Mage/Core/Controller/Varien/Front.php(172): Mage_Core_Controller_Varien_Router_Standard->match(Object(Mage_Core_Controller_Request_Http))
#13 /home/netakart/public_html/dev/app/code/core/Mage/Core/Model/App.php(354): Mage_Core_Controller_Varien_Front->dispatch()
#14 /home/netakart/public_html/dev/app/Mage.php(684): Mage_Core_Model_App->run(Array)
#15 /home/netakart/public_html/dev/index.php(87): Mage::run('', 'store')
#16 {main}
2015-01-31T09:59:59+00:00 ERR (3): 
exception 'Mage_Core_Exception' with message 'Invalid block type: ' in /home/netakart/public_html/dev/app/Mage.php:595
Stack trace:
#0 /home/netakart/public_html/dev/app/code/core/Mage/Core/Model/Layout.php(495): Mage::throwException('Invalid block t...')
#1 /home/netakart/public_html/dev/app/code/core/Mage/Core/Model/Layout.php(437): Mage_Core_Model_Layout->_getBlockInstance('', Array)
#2 /home/netakart/public_html/dev/app/code/core/Mage/Core/Model/Layout.php(472): Mage_Core_Model_Layout->createBlock('', 'product.info.op...')
#3 /home/netakart/public_html/dev/app/code/core/Mage/Core/Model/Layout.php(239): Mage_Core_Model_Layout->addBlock('', 'product.info.op...')
#4 /home/netakart/public_html/dev/app/code/core/Mage/Core/Model/Layout.php(205): Mage_Core_Model_Layout->_generateBlock(Object(Mage_Core_Model_Layout_Element), Object(Mage_Core_Model_Layout_Element))
#5 /home/netakart/public_html/dev/app/code/core/Mage/Core/Model/Layout.php(210): Mage_Core_Model_Layout->generateBlocks(Object(Mage_Core_Model_Layout_Element))
#6 /home/netakart/public_html/dev/app/code/core/Mage/Core/Controller/Varien/Action.php(344): Mage_Core_Model_Layout->generateBlocks()
#7 /home/netakart/public_html/dev/app/code/core/Mage/Catalog/Helper/Product/View.php(73): Mage_Core_Controller_Varien_Action->generateLayoutBlocks()
#8 /home/netakart/public_html/dev/app/code/core/Mage/Catalog/Helper/Product/View.php(144): Mage_Catalog_Helper_Product_View->initProductLayout(Object(Mage_Catalog_Model_Product), Object(Mage_Catalog_ProductController))
#9 /home/netakart/public_html/dev/app/code/core/Mage/Catalog/controllers/ProductController.php(132): Mage_Catalog_Helper_Product_View->prepareAndRender(6405, Object(Mage_Catalog_ProductController), Object(Varien_Object))
#10 /home/netakart/public_html/dev/app/code/core/Mage/Core/Controller/Varien/Action.php(418): Mage_Catalog_ProductController->viewAction()
#11 /home/netakart/public_html/dev/app/code/core/Mage/Core/Controller/Varien/Router/Standard.php(250): Mage_Core_Controller_Varien_Action->dispatch('view')
#12 /home/netakart/public_html/dev/app/code/core/Mage/Core/Controller/Varien/Front.php(172): Mage_Core_Controller_Varien_Router_Standard->match(Object(Mage_Core_Controller_Request_Http))
#13 /home/netakart/public_html/dev/app/code/core/Mage/Core/Model/App.php(354): Mage_Core_Controller_Varien_Front->dispatch()
#14 /home/netakart/public_html/dev/app/Mage.php(684): Mage_Core_Model_App->run(Array)
#15 /home/netakart/public_html/dev/index.php(87): Mage::run('', 'store')
#16 {main}
2015-01-31T10:01:18+00:00 ERR (3): 
exception 'Mage_Core_Exception' with message 'Invalid block type: ' in /home/netakart/public_html/dev/app/Mage.php:595
Stack trace:
#0 /home/netakart/public_html/dev/app/code/core/Mage/Core/Model/Layout.php(495): Mage::throwException('Invalid block t...')
#1 /home/netakart/public_html/dev/app/code/core/Mage/Core/Model/Layout.php(437): Mage_Core_Model_Layout->_getBlockInstance('', Array)
#2 /home/netakart/public_html/dev/app/code/core/Mage/Core/Model/Layout.php(472): Mage_Core_Model_Layout->createBlock('', 'product.info.op...')
#3 /home/netakart/public_html/dev/app/code/core/Mage/Core/Model/Layout.php(239): Mage_Core_Model_Layout->addBlock('', 'product.info.op...')
#4 /home/netakart/public_html/dev/app/code/core/Mage/Core/Model/Layout.php(205): Mage_Core_Model_Layout->_generateBlock(Object(Mage_Core_Model_Layout_Element), Object(Mage_Core_Model_Layout_Element))
#5 /home/netakart/public_html/dev/app/code/core/Mage/Core/Model/Layout.php(210): Mage_Core_Model_Layout->generateBlocks(Object(Mage_Core_Model_Layout_Element))
#6 /home/netakart/public_html/dev/app/code/core/Mage/Core/Controller/Varien/Action.php(344): Mage_Core_Model_Layout->generateBlocks()
#7 /home/netakart/public_html/dev/app/code/core/Mage/Catalog/Helper/Product/View.php(73): Mage_Core_Controller_Varien_Action->generateLayoutBlocks()
#8 /home/netakart/public_html/dev/app/code/core/Mage/Catalog/Helper/Product/View.php(144): Mage_Catalog_Helper_Product_View->initProductLayout(Object(Mage_Catalog_Model_Product), Object(Mage_Catalog_ProductController))
#9 /home/netakart/public_html/dev/app/code/core/Mage/Catalog/controllers/ProductController.php(132): Mage_Catalog_Helper_Product_View->prepareAndRender(6405, Object(Mage_Catalog_ProductController), Object(Varien_Object))
#10 /home/netakart/public_html/dev/app/code/core/Mage/Core/Controller/Varien/Action.php(418): Mage_Catalog_ProductController->viewAction()
#11 /home/netakart/public_html/dev/app/code/core/Mage/Core/Controller/Varien/Router/Standard.php(250): Mage_Core_Controller_Varien_Action->dispatch('view')
#12 /home/netakart/public_html/dev/app/code/core/Mage/Core/Controller/Varien/Front.php(172): Mage_Core_Controller_Varien_Router_Standard->match(Object(Mage_Core_Controller_Request_Http))
#13 /home/netakart/public_html/dev/app/code/core/Mage/Core/Model/App.php(354): Mage_Core_Controller_Varien_Front->dispatch()
#14 /home/netakart/public_html/dev/app/Mage.php(684): Mage_Core_Model_App->run(Array)
#15 /home/netakart/public_html/dev/index.php(87): Mage::run('', 'store')
#16 {main}
2015-01-31T10:01:35+00:00 ERR (3): 
exception 'Mage_Core_Exception' with message 'Invalid block type: ' in /home/netakart/public_html/dev/app/Mage.php:595
Stack trace:
#0 /home/netakart/public_html/dev/app/code/core/Mage/Core/Model/Layout.php(495): Mage::throwException('Invalid block t...')
#1 /home/netakart/public_html/dev/app/code/core/Mage/Core/Model/Layout.php(437): Mage_Core_Model_Layout->_getBlockInstance('', Array)
#2 /home/netakart/public_html/dev/app/code/core/Mage/Core/Model/Layout.php(472): Mage_Core_Model_Layout->createBlock('', 'product.info.op...')
#3 /home/netakart/public_html/dev/app/code/core/Mage/Core/Model/Layout.php(239): Mage_Core_Model_Layout->addBlock('', 'product.info.op...')
#4 /home/netakart/public_html/dev/app/code/core/Mage/Core/Model/Layout.php(205): Mage_Core_Model_Layout->_generateBlock(Object(Mage_Core_Model_Layout_Element), Object(Mage_Core_Model_Layout_Element))
#5 /home/netakart/public_html/dev/app/code/core/Mage/Core/Model/Layout.php(210): Mage_Core_Model_Layout->generateBlocks(Object(Mage_Core_Model_Layout_Element))
#6 /home/netakart/public_html/dev/app/code/core/Mage/Core/Controller/Varien/Action.php(344): Mage_Core_Model_Layout->generateBlocks()
#7 /home/netakart/public_html/dev/app/code/core/Mage/Catalog/Helper/Product/View.php(73): Mage_Core_Controller_Varien_Action->generateLayoutBlocks()
#8 /home/netakart/public_html/dev/app/code/core/Mage/Catalog/Helper/Product/View.php(144): Mage_Catalog_Helper_Product_View->initProductLayout(Object(Mage_Catalog_Model_Product), Object(Mage_Catalog_ProductController))
#9 /home/netakart/public_html/dev/app/code/core/Mage/Catalog/controllers/ProductController.php(132): Mage_Catalog_Helper_Product_View->prepareAndRender(6405, Object(Mage_Catalog_ProductController), Object(Varien_Object))
#10 /home/netakart/public_html/dev/app/code/core/Mage/Core/Controller/Varien/Action.php(418): Mage_Catalog_ProductController->viewAction()
#11 /home/netakart/public_html/dev/app/code/core/Mage/Core/Controller/Varien/Router/Standard.php(250): Mage_Core_Controller_Varien_Action->dispatch('view')
#12 /home/netakart/public_html/dev/app/code/core/Mage/Core/Controller/Varien/Front.php(172): Mage_Core_Controller_Varien_Router_Standard->match(Object(Mage_Core_Controller_Request_Http))
#13 /home/netakart/public_html/dev/app/code/core/Mage/Core/Model/App.php(354): Mage_Core_Controller_Varien_Front->dispatch()
#14 /home/netakart/public_html/dev/app/Mage.php(684): Mage_Core_Model_App->run(Array)
#15 /home/netakart/public_html/dev/index.php(87): Mage::run('', 'store')
#16 {main}
2015-01-31T10:01:50+00:00 ERR (3): 
exception 'Mage_Core_Exception' with message 'Invalid block type: ' in /home/netakart/public_html/dev/app/Mage.php:595
Stack trace:
#0 /home/netakart/public_html/dev/app/code/core/Mage/Core/Model/Layout.php(495): Mage::throwException('Invalid block t...')
#1 /home/netakart/public_html/dev/app/code/core/Mage/Core/Model/Layout.php(437): Mage_Core_Model_Layout->_getBlockInstance('', Array)
#2 /home/netakart/public_html/dev/app/code/core/Mage/Core/Model/Layout.php(472): Mage_Core_Model_Layout->createBlock('', 'product.info.op...')
#3 /home/netakart/public_html/dev/app/code/core/Mage/Core/Model/Layout.php(239): Mage_Core_Model_Layout->addBlock('', 'product.info.op...')
#4 /home/netakart/public_html/dev/app/code/core/Mage/Core/Model/Layout.php(205): Mage_Core_Model_Layout->_generateBlock(Object(Mage_Core_Model_Layout_Element), Object(Mage_Core_Model_Layout_Element))
#5 /home/netakart/public_html/dev/app/code/core/Mage/Core/Model/Layout.php(210): Mage_Core_Model_Layout->generateBlocks(Object(Mage_Core_Model_Layout_Element))
#6 /home/netakart/public_html/dev/app/code/core/Mage/Core/Controller/Varien/Action.php(344): Mage_Core_Model_Layout->generateBlocks()
#7 /home/netakart/public_html/dev/app/code/core/Mage/Catalog/Helper/Product/View.php(73): Mage_Core_Controller_Varien_Action->generateLayoutBlocks()
#8 /home/netakart/public_html/dev/app/code/core/Mage/Catalog/Helper/Product/View.php(144): Mage_Catalog_Helper_Product_View->initProductLayout(Object(Mage_Catalog_Model_Product), Object(Mage_Catalog_ProductController))
#9 /home/netakart/public_html/dev/app/code/core/Mage/Catalog/controllers/ProductController.php(132): Mage_Catalog_Helper_Product_View->prepareAndRender(6405, Object(Mage_Catalog_ProductController), Object(Varien_Object))
#10 /home/netakart/public_html/dev/app/code/core/Mage/Core/Controller/Varien/Action.php(418): Mage_Catalog_ProductController->viewAction()
#11 /home/netakart/public_html/dev/app/code/core/Mage/Core/Controller/Varien/Router/Standard.php(250): Mage_Core_Controller_Varien_Action->dispatch('view')
#12 /home/netakart/public_html/dev/app/code/core/Mage/Core/Controller/Varien/Front.php(172): Mage_Core_Controller_Varien_Router_Standard->match(Object(Mage_Core_Controller_Request_Http))
#13 /home/netakart/public_html/dev/app/code/core/Mage/Core/Model/App.php(354): Mage_Core_Controller_Varien_Front->dispatch()
#14 /home/netakart/public_html/dev/app/Mage.php(684): Mage_Core_Model_App->run(Array)
#15 /home/netakart/public_html/dev/index.php(87): Mage::run('', 'store')
#16 {main}
2015-01-31T10:01:51+00:00 ERR (3): 
exception 'Mage_Core_Exception' with message 'Invalid block type: ' in /home/netakart/public_html/dev/app/Mage.php:595
Stack trace:
#0 /home/netakart/public_html/dev/app/code/core/Mage/Core/Model/Layout.php(495): Mage::throwException('Invalid block t...')
#1 /home/netakart/public_html/dev/app/code/core/Mage/Core/Model/Layout.php(437): Mage_Core_Model_Layout->_getBlockInstance('', Array)
#2 /home/netakart/public_html/dev/app/code/core/Mage/Core/Model/Layout.php(472): Mage_Core_Model_Layout->createBlock('', 'product.info.op...')
#3 /home/netakart/public_html/dev/app/code/core/Mage/Core/Model/Layout.php(239): Mage_Core_Model_Layout->addBlock('', 'product.info.op...')
#4 /home/netakart/public_html/dev/app/code/core/Mage/Core/Model/Layout.php(205): Mage_Core_Model_Layout->_generateBlock(Object(Mage_Core_Model_Layout_Element), Object(Mage_Core_Model_Layout_Element))
#5 /home/netakart/public_html/dev/app/code/core/Mage/Core/Model/Layout.php(210): Mage_Core_Model_Layout->generateBlocks(Object(Mage_Core_Model_Layout_Element))
#6 /home/netakart/public_html/dev/app/code/core/Mage/Core/Controller/Varien/Action.php(344): Mage_Core_Model_Layout->generateBlocks()
#7 /home/netakart/public_html/dev/app/code/core/Mage/Catalog/Helper/Product/View.php(73): Mage_Core_Controller_Varien_Action->generateLayoutBlocks()
#8 /home/netakart/public_html/dev/app/code/core/Mage/Catalog/Helper/Product/View.php(144): Mage_Catalog_Helper_Product_View->initProductLayout(Object(Mage_Catalog_Model_Product), Object(Mage_Catalog_ProductController))
#9 /home/netakart/public_html/dev/app/code/core/Mage/Catalog/controllers/ProductController.php(132): Mage_Catalog_Helper_Product_View->prepareAndRender(6405, Object(Mage_Catalog_ProductController), Object(Varien_Object))
#10 /home/netakart/public_html/dev/app/code/core/Mage/Core/Controller/Varien/Action.php(418): Mage_Catalog_ProductController->viewAction()
#11 /home/netakart/public_html/dev/app/code/core/Mage/Core/Controller/Varien/Router/Standard.php(250): Mage_Core_Controller_Varien_Action->dispatch('view')
#12 /home/netakart/public_html/dev/app/code/core/Mage/Core/Controller/Varien/Front.php(172): Mage_Core_Controller_Varien_Router_Standard->match(Object(Mage_Core_Controller_Request_Http))
#13 /home/netakart/public_html/dev/app/code/core/Mage/Core/Model/App.php(354): Mage_Core_Controller_Varien_Front->dispatch()
#14 /home/netakart/public_html/dev/app/Mage.php(684): Mage_Core_Model_App->run(Array)
#15 /home/netakart/public_html/dev/index.php(87): Mage::run('', 'store')
#16 {main}
