2015-01-20T10:39:19+00:00 DEBUG (7): Start Auto Invoice Dropshipment
2015-01-20T10:39:20+00:00 DEBUG (7): Start Auto Invoice Dropshipment
2015-01-20T10:39:20+00:00 DEBUG (7): Start Auto Invoice Dropshipment
2015-01-20T10:39:23+00:00 DEBUG (7): Start Auto Invoice Dropshipment
2015-01-20T10:39:23+00:00 DEBUG (7): Start Auto Invoice Dropshipment
2015-01-20T10:39:27+00:00 DEBUG (7): Start Auto Invoice Dropshipment
2015-01-20T10:39:27+00:00 DEBUG (7): Start Auto Invoice Dropshipment
2015-01-20T10:39:28+00:00 DEBUG (7): Start Auto Invoice Dropshipment
2015-01-20T10:39:29+00:00 DEBUG (7): Start Auto Invoice Dropshipment
2015-01-20T10:39:30+00:00 DEBUG (7): Start Auto Invoice Dropshipment
2015-01-20T10:39:31+00:00 DEBUG (7): Start Auto Invoice Dropshipment
2015-01-20T10:39:32+00:00 DEBUG (7): Start Auto Invoice Dropshipment
2015-01-20T10:39:33+00:00 DEBUG (7): Start Auto Invoice Dropshipment
2015-01-20T10:39:34+00:00 DEBUG (7): Start Auto Invoice Dropshipment
2015-01-20T10:39:35+00:00 DEBUG (7): Start Auto Invoice Dropshipment
2015-01-20T10:39:37+00:00 DEBUG (7): Start Auto Invoice Dropshipment
2015-01-20T10:39:38+00:00 DEBUG (7): Start Auto Invoice Dropshipment
2015-01-20T10:39:40+00:00 DEBUG (7): Start Auto Invoice Dropshipment
2015-01-20T10:39:40+00:00 DEBUG (7): Start Auto Invoice Dropshipment
2015-01-20T10:39:41+00:00 DEBUG (7): Start Auto Invoice Dropshipment
2015-01-20T10:39:42+00:00 DEBUG (7): Start Auto Invoice Dropshipment
2015-01-20T10:39:42+00:00 DEBUG (7): Start Auto Invoice Dropshipment
2015-01-20T10:39:43+00:00 DEBUG (7): Start Auto Invoice Dropshipment
2015-01-20T10:39:44+00:00 DEBUG (7): Start Auto Invoice Dropshipment
2015-01-20T10:39:44+00:00 DEBUG (7): Start Auto Invoice Dropshipment
2015-01-20T10:39:45+00:00 DEBUG (7): Start Auto Invoice Dropshipment
2015-01-20T10:39:46+00:00 DEBUG (7): Start Auto Invoice Dropshipment
2015-01-20T10:39:46+00:00 DEBUG (7): Start Auto Invoice Dropshipment
2015-01-20T10:39:47+00:00 DEBUG (7): Start Auto Invoice Dropshipment
2015-01-20T10:39:48+00:00 DEBUG (7): Start Auto Invoice Dropshipment
2015-01-20T10:39:48+00:00 DEBUG (7): Start Auto Invoice Dropshipment
2015-01-20T10:39:49+00:00 DEBUG (7): Start Auto Invoice Dropshipment
2015-01-20T10:39:50+00:00 DEBUG (7): Start Auto Invoice Dropshipment
2015-01-20T10:39:50+00:00 DEBUG (7): Start Auto Invoice Dropshipment
2015-01-20T10:39:51+00:00 DEBUG (7): Start Auto Invoice Dropshipment
2015-01-20T10:39:51+00:00 DEBUG (7): Start Auto Invoice Dropshipment
2015-01-20T10:39:53+00:00 DEBUG (7): Start Auto Invoice Dropshipment
2015-01-20T10:39:53+00:00 DEBUG (7): Start Auto Invoice Dropshipment
2015-01-20T10:39:54+00:00 DEBUG (7): Start Auto Invoice Dropshipment
2015-01-20T10:39:55+00:00 DEBUG (7): Start Auto Invoice Dropshipment
2015-01-20T10:39:55+00:00 DEBUG (7): Start Auto Invoice Dropshipment
2015-01-20T10:39:56+00:00 DEBUG (7): Start Auto Invoice Dropshipment
2015-01-20T10:39:57+00:00 DEBUG (7): Start Auto Invoice Dropshipment
2015-01-20T10:39:58+00:00 DEBUG (7): Start Auto Invoice Dropshipment
2015-01-20T10:39:59+00:00 DEBUG (7): Start Auto Invoice Dropshipment
2015-01-20T10:39:59+00:00 DEBUG (7): Start Auto Invoice Dropshipment
2015-01-20T10:40:00+00:00 DEBUG (7): Start Auto Invoice Dropshipment
2015-01-20T10:40:01+00:00 DEBUG (7): Start Auto Invoice Dropshipment
2015-01-20T10:40:01+00:00 DEBUG (7): Start Auto Invoice Dropshipment
2015-01-20T10:40:04+00:00 DEBUG (7): Start Auto Invoice Dropshipment
2015-01-20T10:40:05+00:00 DEBUG (7): Start Auto Invoice Dropshipment
2015-01-20T10:40:05+00:00 DEBUG (7): Start Auto Invoice Dropshipment
2015-01-20T10:40:06+00:00 DEBUG (7): Start Auto Invoice Dropshipment
2015-01-20T10:40:07+00:00 DEBUG (7): Start Auto Invoice Dropshipment
2015-01-20T10:40:07+00:00 DEBUG (7): Start Auto Invoice Dropshipment
2015-01-20T10:40:08+00:00 DEBUG (7): Start Auto Invoice Dropshipment
2015-01-20T10:40:08+00:00 DEBUG (7): Start Auto Invoice Dropshipment
2015-01-20T10:40:10+00:00 DEBUG (7): Start Auto Invoice Dropshipment
2015-01-20T10:40:11+00:00 DEBUG (7): Start Auto Invoice Dropshipment
2015-01-20T10:40:12+00:00 DEBUG (7): Start Auto Invoice Dropshipment
2015-01-20T10:40:14+00:00 DEBUG (7): Start Auto Invoice Dropshipment
2015-01-20T10:40:15+00:00 DEBUG (7): Start Auto Invoice Dropshipment
2015-01-22T11:04:16+00:00 DEBUG (7): Start Manual Dropshipment
2015-01-22T11:04:16+00:00 DEBUG (7): 2289
2015-01-22T11:04:16+00:00 DEBUG (7): Dropship!
2015-01-22T11:04:16+00:00 DEBUG (7): manual
2015-01-22T11:04:16+00:00 DEBUG (7): Suppliername:v000005
2015-01-22T11:04:16+00:00 DEBUG (7): Suppliername:v000005
2015-01-22T11:04:16+00:00 DEBUG (7): Yes we have one
2015-01-22T11:04:16+00:00 DEBUG (7): Next Dropship Id100003315
2015-01-22T11:04:16+00:00 DEBUG (7): Ordernumber: 2289
2015-01-22T11:04:17+00:00 DEBUG (7): Next Dropship Id100003316
2015-01-22T11:04:17+00:00 DEBUG (7): processOrder
2015-01-22T11:13:47+00:00 DEBUG (7): Start Manual Dropshipment
2015-01-22T11:13:47+00:00 DEBUG (7): 2289
2015-01-22T11:13:47+00:00 DEBUG (7): Dropship!
2015-01-22T11:13:47+00:00 DEBUG (7): manual
2015-01-22T11:13:47+00:00 DEBUG (7): Suppliername:v000005
2015-01-22T11:13:47+00:00 DEBUG (7): Suppliername:v000005
2015-01-22T11:58:21+00:00 DEBUG (7): Start Manual Dropshipment
2015-01-22T11:58:21+00:00 DEBUG (7): 2289
2015-01-22T11:58:21+00:00 DEBUG (7): Dropship!
2015-01-22T11:58:21+00:00 DEBUG (7): manual
2015-01-22T11:58:21+00:00 DEBUG (7): Suppliername:v000005
2015-01-22T11:58:21+00:00 DEBUG (7): Suppliername:v000005
2015-01-22T11:58:21+00:00 DEBUG (7): Yes we have one
2015-01-22T11:58:21+00:00 DEBUG (7): Next Dropship Id100003317
2015-01-22T11:58:21+00:00 DEBUG (7): Ordernumber: 2289
2015-01-22T11:58:22+00:00 DEBUG (7): processOrder
2015-01-22T11:59:22+00:00 DEBUG (7): Start Manual Dropshipment
2015-01-22T11:59:22+00:00 DEBUG (7): 2289
2015-01-22T11:59:22+00:00 DEBUG (7): Dropship!
2015-01-22T11:59:22+00:00 DEBUG (7): manual
2015-01-22T11:59:22+00:00 DEBUG (7): Suppliername:v000005
2015-01-22T11:59:22+00:00 DEBUG (7): Suppliername:v000005
2015-01-22T11:59:22+00:00 DEBUG (7): Yes we have one
2015-01-22T11:59:22+00:00 DEBUG (7): Next Dropship Id100003318
2015-01-22T11:59:22+00:00 DEBUG (7): Ordernumber: 2289
2015-01-22T11:59:23+00:00 DEBUG (7): processOrder
2015-01-22T12:00:14+00:00 DEBUG (7): Start Manual Dropshipment
2015-01-22T12:00:14+00:00 DEBUG (7): 2289
2015-01-22T12:00:14+00:00 DEBUG (7): Dropship!
2015-01-22T12:00:14+00:00 DEBUG (7): manual
2015-01-22T12:00:14+00:00 DEBUG (7): Suppliername:v000005
2015-01-22T12:00:14+00:00 DEBUG (7): Suppliername:v000005
2015-01-22T12:00:14+00:00 DEBUG (7): Yes we have one
2015-01-22T12:00:14+00:00 DEBUG (7): Next Dropship Id100003319
2015-01-22T12:00:14+00:00 DEBUG (7): Ordernumber: 2289
2015-01-22T12:00:14+00:00 DEBUG (7): processOrder
2015-01-22T12:01:01+00:00 DEBUG (7): Start Manual Dropshipment
2015-01-22T12:01:01+00:00 DEBUG (7): 2289
2015-01-22T12:01:01+00:00 DEBUG (7): Dropship!
2015-01-22T12:01:01+00:00 DEBUG (7): manual
2015-01-22T12:01:01+00:00 DEBUG (7): Suppliername:v000005
2015-01-22T12:01:01+00:00 DEBUG (7): Suppliername:v000005
2015-01-22T12:01:01+00:00 DEBUG (7): Yes we have one
2015-01-22T12:01:01+00:00 DEBUG (7): Next Dropship Id100003320
2015-01-22T12:01:01+00:00 DEBUG (7): Ordernumber: 2289
2015-01-22T12:01:01+00:00 DEBUG (7): processOrder
2015-01-22T12:03:28+00:00 DEBUG (7): Start Manual Dropshipment
2015-01-22T12:03:28+00:00 DEBUG (7): 2289
2015-01-22T12:03:28+00:00 DEBUG (7): Dropship!
2015-01-22T12:03:28+00:00 DEBUG (7): manual
2015-01-22T12:03:28+00:00 DEBUG (7): Suppliername:v000005
2015-01-22T12:03:28+00:00 DEBUG (7): Suppliername:v000005
2015-01-22T12:03:28+00:00 DEBUG (7): Yes we have one
2015-01-22T12:03:28+00:00 DEBUG (7): Next Dropship Id100003321
2015-01-22T12:03:28+00:00 DEBUG (7): Ordernumber: 2289
2015-01-22T12:03:29+00:00 DEBUG (7): processOrder
2015-01-22T12:03:54+00:00 DEBUG (7): Start Manual Dropshipment
2015-01-22T12:03:54+00:00 DEBUG (7): 2289
2015-01-22T12:03:54+00:00 DEBUG (7): Dropship!
2015-01-22T12:03:54+00:00 DEBUG (7): manual
2015-01-22T12:03:54+00:00 DEBUG (7): Suppliername:v000005
2015-01-22T12:03:54+00:00 DEBUG (7): Suppliername:v000005
2015-01-22T12:03:54+00:00 DEBUG (7): Yes we have one
2015-01-22T12:03:54+00:00 DEBUG (7): Next Dropship Id100003322
2015-01-22T12:03:54+00:00 DEBUG (7): Ordernumber: 2289
2015-01-22T12:03:55+00:00 DEBUG (7): processOrder
2015-01-22T12:05:06+00:00 DEBUG (7): Start Manual Dropshipment
2015-01-22T12:05:06+00:00 DEBUG (7): 2289
2015-01-22T12:05:06+00:00 DEBUG (7): Dropship!
2015-01-22T12:05:06+00:00 DEBUG (7): manual
2015-01-22T12:05:06+00:00 DEBUG (7): Suppliername:v000005
2015-01-22T12:05:06+00:00 DEBUG (7): Suppliername:v000005
2015-01-22T12:05:06+00:00 DEBUG (7): Yes we have one
2015-01-22T12:05:06+00:00 DEBUG (7): Next Dropship Id100003323
2015-01-22T12:05:06+00:00 DEBUG (7): Ordernumber: 2289
2015-01-22T12:05:07+00:00 DEBUG (7): processOrder
2015-01-22T12:06:50+00:00 DEBUG (7): Start Manual Dropshipment
2015-01-22T12:06:50+00:00 DEBUG (7): 2289
2015-01-22T12:06:50+00:00 DEBUG (7): Dropship!
2015-01-22T12:06:50+00:00 DEBUG (7): manual
2015-01-22T12:06:50+00:00 DEBUG (7): Suppliername:v000005
2015-01-22T12:06:50+00:00 DEBUG (7): Suppliername:v000005
2015-01-22T12:06:50+00:00 DEBUG (7): Yes we have one
2015-01-22T12:06:50+00:00 DEBUG (7): Next Dropship Id100003324
2015-01-22T12:06:50+00:00 DEBUG (7): Ordernumber: 2289
2015-01-22T12:06:50+00:00 DEBUG (7): Next Dropship Id100003325
2015-01-22T12:06:50+00:00 DEBUG (7): processOrder
2015-01-22T12:48:11+00:00 DEBUG (7): Start Manual Dropshipment
2015-01-22T12:48:11+00:00 DEBUG (7): 2289
2015-01-22T12:48:11+00:00 DEBUG (7): Dropship!
2015-01-22T12:48:11+00:00 DEBUG (7): manual
2015-01-22T12:48:11+00:00 DEBUG (7): Suppliername:v000005
2015-01-22T12:48:11+00:00 DEBUG (7): Suppliername:v000005
2015-01-22T12:48:11+00:00 DEBUG (7): Yes we have one
2015-01-22T12:48:11+00:00 DEBUG (7): Next Dropship Id100003326
2015-01-22T12:48:11+00:00 DEBUG (7): Ordernumber: 2289
2015-01-22T12:48:12+00:00 DEBUG (7): processOrder
2015-01-22T13:36:18+00:00 DEBUG (7): Start Manual Dropshipment
2015-01-22T13:36:18+00:00 DEBUG (7): 2290
2015-01-22T13:36:18+00:00 DEBUG (7): Dropship!
2015-01-22T13:36:18+00:00 DEBUG (7): manual
2015-01-22T13:36:18+00:00 DEBUG (7): Suppliername:v000016
2015-01-22T13:36:18+00:00 DEBUG (7): Suppliername:v000016
2015-01-22T13:36:18+00:00 DEBUG (7): Yes we have one
2015-01-22T13:36:18+00:00 DEBUG (7): Next Dropship Id100003327
2015-01-22T13:36:18+00:00 DEBUG (7): Ordernumber: 2290
2015-01-22T13:36:19+00:00 DEBUG (7): Next Dropship Id100003328
2015-01-22T13:36:19+00:00 DEBUG (7): processOrder
2015-01-22T13:36:19+00:00 DEBUG (7): shipping
2015-01-22T13:36:19+00:00 DEBUG (7): save shipping
2015-01-22T13:36:19+00:00 DEBUG (7): Update Dropship Item Status
2015-01-22T13:36:19+00:00 DEBUG (7): UPDATE clay_supplier_dropship_items SET status='1' WHERE order_item_id='3674'
2015-01-30T10:43:30+00:00 DEBUG (7): Start Manual Dropshipment
2015-01-30T10:43:30+00:00 DEBUG (7): 2274
2015-01-30T10:43:30+00:00 DEBUG (7): Dropship!
2015-01-30T10:43:30+00:00 DEBUG (7): manual
2015-01-30T10:43:30+00:00 DEBUG (7): Suppliername:v000008
2015-01-30T10:43:30+00:00 DEBUG (7): Suppliername:v000008
2015-01-30T10:43:30+00:00 DEBUG (7): Yes we have one
2015-01-30T10:43:30+00:00 DEBUG (7): Next Dropship Id100003329
2015-01-30T10:43:30+00:00 DEBUG (7): Ordernumber: 2274
2015-01-30T10:43:31+00:00 DEBUG (7): Next Dropship Id100003330
2015-01-30T10:43:31+00:00 DEBUG (7): processOrder
2015-01-30T10:43:31+00:00 DEBUG (7): shipping
2015-01-30T10:43:31+00:00 DEBUG (7): save shipping
2015-01-30T10:43:31+00:00 DEBUG (7): Update Dropship Item Status
2015-01-30T10:43:31+00:00 DEBUG (7): UPDATE clay_supplier_dropship_items SET status='1' WHERE order_item_id='3641'
2015-01-30T10:48:50+00:00 DEBUG (7): Start Manual Dropshipment
2015-01-30T10:48:50+00:00 DEBUG (7): 2274
2015-01-30T10:48:50+00:00 DEBUG (7): Dropship!
2015-01-30T10:48:50+00:00 DEBUG (7): manual
2015-01-30T10:48:50+00:00 DEBUG (7): Suppliername:v000008
2015-01-30T10:48:50+00:00 DEBUG (7): Suppliername:v000008
2015-01-30T10:48:50+00:00 DEBUG (7): Yes we have one
2015-01-30T10:48:50+00:00 DEBUG (7): Next Dropship Id100003331
2015-01-30T10:48:50+00:00 DEBUG (7): Ordernumber: 2274
2015-01-30T10:48:50+00:00 DEBUG (7): Next Dropship Id100003332
2015-01-30T10:51:52+00:00 DEBUG (7): Start Manual Dropshipment
2015-01-30T10:51:52+00:00 DEBUG (7): 2274
2015-01-30T10:51:52+00:00 DEBUG (7): Dropship!
2015-01-30T10:51:52+00:00 DEBUG (7): manual
2015-01-30T10:51:52+00:00 DEBUG (7): Suppliername:v000008
2015-01-30T10:51:52+00:00 DEBUG (7): Suppliername:v000008
2015-01-30T10:51:52+00:00 DEBUG (7): Yes we have one
2015-01-30T10:51:52+00:00 DEBUG (7): Next Dropship Id100003333
2015-01-30T10:51:52+00:00 DEBUG (7): Ordernumber: 2274
2015-01-30T10:51:53+00:00 DEBUG (7): Next Dropship Id100003334
2015-01-30T10:52:20+00:00 DEBUG (7): Start Manual Dropshipment
2015-01-30T10:52:20+00:00 DEBUG (7): 2274
2015-01-30T10:52:20+00:00 DEBUG (7): Dropship!
2015-01-30T10:52:20+00:00 DEBUG (7): manual
2015-01-30T10:52:20+00:00 DEBUG (7): Suppliername:v000008
2015-01-30T10:52:20+00:00 DEBUG (7): Suppliername:v000008
2015-01-30T10:52:20+00:00 DEBUG (7): Yes we have one
2015-01-30T10:52:20+00:00 DEBUG (7): Next Dropship Id100003335
2015-01-30T10:52:20+00:00 DEBUG (7): Ordernumber: 2274
2015-01-30T10:52:21+00:00 DEBUG (7): Next Dropship Id100003336
2015-01-30T10:52:21+00:00 DEBUG (7): processOrder
2015-01-30T10:52:21+00:00 DEBUG (7): shipping
2015-01-30T11:13:55+00:00 DEBUG (7): Start Manual Dropshipment
2015-01-30T11:13:55+00:00 DEBUG (7): 2289
2015-01-30T11:13:55+00:00 DEBUG (7): Dropship!
2015-01-30T11:13:55+00:00 DEBUG (7): manual
2015-01-30T11:13:55+00:00 DEBUG (7): Suppliername:v000005
2015-01-30T11:13:55+00:00 DEBUG (7): Suppliername:v000005
2015-01-30T11:13:55+00:00 DEBUG (7): Yes we have one
2015-01-30T11:13:55+00:00 DEBUG (7): Next Dropship Id100003337
2015-01-30T11:13:55+00:00 DEBUG (7): Ordernumber: 2289
2015-01-30T11:13:56+00:00 DEBUG (7): Next Dropship Id100003338
2015-01-30T11:14:39+00:00 DEBUG (7): Start Manual Dropshipment
2015-01-30T11:14:39+00:00 DEBUG (7): 2289
2015-01-30T11:14:39+00:00 DEBUG (7): Dropship!
2015-01-30T11:14:39+00:00 DEBUG (7): manual
2015-01-30T11:14:39+00:00 DEBUG (7): Suppliername:v000005
2015-01-30T11:14:39+00:00 DEBUG (7): Suppliername:v000005
2015-01-30T11:14:39+00:00 DEBUG (7): Yes we have one
2015-01-30T11:14:39+00:00 DEBUG (7): Next Dropship Id100003339
2015-01-30T11:14:39+00:00 DEBUG (7): Ordernumber: 2289
2015-01-30T11:14:40+00:00 DEBUG (7): Next Dropship Id100003340
2015-01-30T11:18:27+00:00 DEBUG (7): Start Manual Dropshipment
2015-01-30T11:18:27+00:00 DEBUG (7): 2289
2015-01-30T11:18:27+00:00 DEBUG (7): Dropship!
2015-01-30T11:18:27+00:00 DEBUG (7): manual
2015-01-30T11:18:27+00:00 DEBUG (7): Suppliername:v000005
2015-01-30T11:18:27+00:00 DEBUG (7): Suppliername:v000005
2015-01-30T11:18:27+00:00 DEBUG (7): Yes we have one
2015-01-30T11:18:27+00:00 DEBUG (7): Next Dropship Id100003341
2015-01-30T11:18:27+00:00 DEBUG (7): Ordernumber: 2289
2015-01-30T11:18:28+00:00 DEBUG (7): Next Dropship Id100003342
2015-01-30T11:19:28+00:00 DEBUG (7): Start Manual Dropshipment
2015-01-30T11:19:28+00:00 DEBUG (7): 2289
2015-01-30T11:19:28+00:00 DEBUG (7): Dropship!
2015-01-30T11:19:28+00:00 DEBUG (7): manual
2015-01-30T11:19:28+00:00 DEBUG (7): Suppliername:v000005
2015-01-30T11:19:28+00:00 DEBUG (7): Suppliername:v000005
2015-01-30T11:19:28+00:00 DEBUG (7): Yes we have one
2015-01-30T11:19:28+00:00 DEBUG (7): Next Dropship Id100003343
2015-01-30T11:19:28+00:00 DEBUG (7): Ordernumber: 2289
2015-01-30T11:19:28+00:00 DEBUG (7): Next Dropship Id100003344
2015-01-30T11:19:51+00:00 DEBUG (7): Start Manual Dropshipment
2015-01-30T11:19:51+00:00 DEBUG (7): 2289
2015-01-30T11:19:51+00:00 DEBUG (7): Dropship!
2015-01-30T11:19:51+00:00 DEBUG (7): manual
2015-01-30T11:19:51+00:00 DEBUG (7): Suppliername:v000005
2015-01-30T11:19:51+00:00 DEBUG (7): Suppliername:v000005
2015-01-30T11:19:51+00:00 DEBUG (7): Yes we have one
2015-01-30T11:19:51+00:00 DEBUG (7): Next Dropship Id100003345
2015-01-30T11:19:51+00:00 DEBUG (7): Ordernumber: 2289
2015-01-30T11:19:52+00:00 DEBUG (7): Next Dropship Id100003346
2015-01-30T11:22:58+00:00 DEBUG (7): Start Manual Dropshipment
2015-01-30T11:22:58+00:00 DEBUG (7): 2289
2015-01-30T11:22:58+00:00 DEBUG (7): Dropship!
2015-01-30T11:22:58+00:00 DEBUG (7): manual
2015-01-30T11:22:58+00:00 DEBUG (7): Suppliername:v000005
2015-01-30T11:22:58+00:00 DEBUG (7): Suppliername:v000005
2015-01-30T11:22:58+00:00 DEBUG (7): Yes we have one
2015-01-30T11:22:58+00:00 DEBUG (7): Next Dropship Id100003347
2015-01-30T11:22:58+00:00 DEBUG (7): Ordernumber: 2289
2015-01-30T11:22:59+00:00 DEBUG (7): Next Dropship Id100003348
2015-01-30T11:24:38+00:00 DEBUG (7): Start Manual Dropshipment
2015-01-30T11:24:38+00:00 DEBUG (7): 2289
2015-01-30T11:24:38+00:00 DEBUG (7): Dropship!
2015-01-30T11:24:38+00:00 DEBUG (7): manual
2015-01-30T11:24:38+00:00 DEBUG (7): Suppliername:v000005
2015-01-30T11:24:38+00:00 DEBUG (7): Suppliername:v000005
2015-01-30T11:24:38+00:00 DEBUG (7): Yes we have one
2015-01-30T11:24:38+00:00 DEBUG (7): Next Dropship Id100003349
2015-01-30T11:24:38+00:00 DEBUG (7): Ordernumber: 2289
2015-01-30T11:24:39+00:00 DEBUG (7): Next Dropship Id100003350
2015-01-30T11:27:10+00:00 DEBUG (7): Start Manual Dropshipment
2015-01-30T11:27:10+00:00 DEBUG (7): 2289
2015-01-30T11:27:10+00:00 DEBUG (7): Dropship!
2015-01-30T11:27:10+00:00 DEBUG (7): manual
2015-01-30T11:27:10+00:00 DEBUG (7): Suppliername:v000005
2015-01-30T11:27:10+00:00 DEBUG (7): Suppliername:v000005
2015-01-30T11:27:10+00:00 DEBUG (7): Yes we have one
2015-01-30T11:27:10+00:00 DEBUG (7): Next Dropship Id100003351
2015-01-30T11:27:10+00:00 DEBUG (7): Ordernumber: 2289
2015-01-30T11:27:10+00:00 DEBUG (7): Next Dropship Id100003352
2015-01-30T11:27:52+00:00 DEBUG (7): Start Manual Dropshipment
2015-01-30T11:27:52+00:00 DEBUG (7): 2289
2015-01-30T11:27:53+00:00 DEBUG (7): Dropship!
2015-01-30T11:27:53+00:00 DEBUG (7): manual
2015-01-30T11:27:53+00:00 DEBUG (7): Suppliername:v000005
2015-01-30T11:27:53+00:00 DEBUG (7): Suppliername:v000005
2015-01-30T11:27:53+00:00 DEBUG (7): Yes we have one
2015-01-30T11:27:53+00:00 DEBUG (7): Next Dropship Id100003353
2015-01-30T11:27:53+00:00 DEBUG (7): Ordernumber: 2289
2015-01-30T11:27:53+00:00 DEBUG (7): Next Dropship Id100003354
2015-01-30T11:27:53+00:00 DEBUG (7): processOrder
2015-01-30T11:27:53+00:00 DEBUG (7): shipping
2015-01-30T11:27:53+00:00 DEBUG (7): save shipping
2015-01-30T11:27:53+00:00 DEBUG (7): Update Dropship Item Status
2015-01-30T11:27:53+00:00 DEBUG (7): UPDATE clay_supplier_dropship_items SET status='1' WHERE order_item_id='3672'
2015-01-30T11:29:46+00:00 DEBUG (7): Start Manual Dropshipment
2015-01-30T11:29:46+00:00 DEBUG (7): 2288
2015-01-30T11:29:46+00:00 DEBUG (7): Dropship!
2015-01-30T11:29:46+00:00 DEBUG (7): manual
2015-01-30T11:29:46+00:00 DEBUG (7): Suppliername:v000009
2015-01-30T11:29:46+00:00 DEBUG (7): Suppliername:v000009
2015-01-30T11:29:46+00:00 DEBUG (7): Yes we have one
2015-01-30T11:29:46+00:00 DEBUG (7): Suppliername:v000022
2015-01-30T11:29:46+00:00 DEBUG (7): Suppliername:v000022
2015-01-30T11:29:46+00:00 DEBUG (7): Yes we have one
2015-01-30T11:29:46+00:00 DEBUG (7): Next Dropship Id100003355
2015-01-30T11:29:46+00:00 DEBUG (7): Ordernumber: 2288
2015-01-30T11:29:47+00:00 DEBUG (7): Next Dropship Id100003356
2015-01-30T11:29:47+00:00 DEBUG (7): Next Dropship Id100003357
2015-01-30T11:29:47+00:00 DEBUG (7): processOrder
2015-01-30T11:29:47+00:00 DEBUG (7): shipping
2015-01-30T11:29:47+00:00 DEBUG (7): save shipping
2015-01-30T11:29:47+00:00 DEBUG (7): Update Dropship Item Status
2015-01-30T11:29:47+00:00 DEBUG (7): UPDATE clay_supplier_dropship_items SET status='1' WHERE order_item_id='3668'
2015-01-30T11:29:47+00:00 DEBUG (7): Update Dropship Item Status
2015-01-30T11:29:47+00:00 DEBUG (7): UPDATE clay_supplier_dropship_items SET status='1' WHERE order_item_id='3670'
2015-02-02T06:59:28+00:00 DEBUG (7): Start Manual Dropshipment
2015-02-02T06:59:28+00:00 DEBUG (7): 2287
2015-02-02T06:59:28+00:00 DEBUG (7): Dropship!
2015-02-02T06:59:28+00:00 DEBUG (7): manual
2015-02-02T06:59:28+00:00 DEBUG (7): Suppliername:v000005
2015-02-02T06:59:28+00:00 DEBUG (7): Suppliername:v000005
2015-02-02T06:59:28+00:00 DEBUG (7): Yes we have one
2015-02-02T06:59:28+00:00 DEBUG (7): Next Dropship Id100003358
2015-02-02T06:59:28+00:00 DEBUG (7): Ordernumber: 2287
2015-02-02T06:59:29+00:00 DEBUG (7): Next Dropship Id100003359
2015-02-02T06:59:29+00:00 DEBUG (7): processOrder
2015-02-02T06:59:29+00:00 DEBUG (7): shipping
2015-02-02T06:59:29+00:00 DEBUG (7): save shipping
2015-02-02T06:59:29+00:00 DEBUG (7): Update Dropship Item Status
2015-02-02T06:59:29+00:00 DEBUG (7): UPDATE clay_supplier_dropship_items SET status='1' WHERE order_item_id='3666'
2015-02-03T12:09:46+00:00 DEBUG (7): Start Auto Invoice Dropshipment
2015-02-03T12:12:47+00:00 DEBUG (7): Start Auto Invoice Dropshipment
2015-02-03T12:12:53+00:00 DEBUG (7): Start Auto Invoice Dropshipment
2015-02-03T12:12:55+00:00 DEBUG (7): Start Auto Invoice Dropshipment
2015-02-03T12:12:56+00:00 DEBUG (7): Start Auto Invoice Dropshipment
2015-02-03T12:12:57+00:00 DEBUG (7): Start Auto Invoice Dropshipment
2015-02-03T12:12:58+00:00 DEBUG (7): Start Auto Invoice Dropshipment
2015-02-03T12:13:00+00:00 DEBUG (7): Start Auto Invoice Dropshipment
2015-02-03T12:13:00+00:00 DEBUG (7): Start Auto Invoice Dropshipment
2015-02-03T12:13:01+00:00 DEBUG (7): Start Auto Invoice Dropshipment
2015-02-03T12:13:02+00:00 DEBUG (7): Start Auto Invoice Dropshipment
2015-02-03T12:13:05+00:00 DEBUG (7): Start Auto Invoice Dropshipment
2015-02-03T12:13:06+00:00 DEBUG (7): Start Auto Invoice Dropshipment
2015-02-03T12:13:07+00:00 DEBUG (7): Start Auto Invoice Dropshipment
2015-02-03T12:13:09+00:00 DEBUG (7): Start Auto Invoice Dropshipment
2015-02-03T12:13:12+00:00 DEBUG (7): Start Auto Invoice Dropshipment
2015-02-03T12:13:13+00:00 DEBUG (7): Start Auto Invoice Dropshipment
2015-02-03T12:13:14+00:00 DEBUG (7): Start Auto Invoice Dropshipment
2015-02-03T12:13:14+00:00 DEBUG (7): Start Auto Invoice Dropshipment
2015-02-03T12:13:15+00:00 DEBUG (7): Start Auto Invoice Dropshipment
2015-02-03T12:13:16+00:00 DEBUG (7): Start Auto Invoice Dropshipment
2015-02-03T12:13:18+00:00 DEBUG (7): Start Auto Invoice Dropshipment
2015-02-03T12:13:19+00:00 DEBUG (7): Start Auto Invoice Dropshipment
2015-02-03T12:13:24+00:00 DEBUG (7): Start Auto Invoice Dropshipment
2015-02-03T12:13:25+00:00 DEBUG (7): Start Auto Invoice Dropshipment
2015-02-03T12:13:26+00:00 DEBUG (7): Start Auto Invoice Dropshipment
2015-02-03T12:13:27+00:00 DEBUG (7): Start Auto Invoice Dropshipment
2015-02-03T12:13:28+00:00 DEBUG (7): Start Auto Invoice Dropshipment
2015-02-03T12:13:32+00:00 DEBUG (7): Start Auto Invoice Dropshipment
2015-02-03T12:13:36+00:00 DEBUG (7): Start Auto Invoice Dropshipment
2015-02-03T12:13:36+00:00 DEBUG (7): Start Auto Invoice Dropshipment
2015-02-03T12:13:37+00:00 DEBUG (7): Start Auto Invoice Dropshipment
2015-02-03T12:13:43+00:00 DEBUG (7): Start Auto Invoice Dropshipment
2015-02-03T12:13:44+00:00 DEBUG (7): Start Auto Invoice Dropshipment
2015-02-03T12:13:47+00:00 DEBUG (7): Start Auto Invoice Dropshipment
2015-02-03T12:13:47+00:00 DEBUG (7): Start Auto Invoice Dropshipment
2015-02-03T12:13:48+00:00 DEBUG (7): Start Auto Invoice Dropshipment
2015-02-03T12:13:49+00:00 DEBUG (7): Start Auto Invoice Dropshipment
2015-02-03T12:13:50+00:00 DEBUG (7): Start Auto Invoice Dropshipment
2015-02-03T12:13:52+00:00 DEBUG (7): Start Auto Invoice Dropshipment
2015-02-03T12:13:54+00:00 DEBUG (7): Start Auto Invoice Dropshipment
2015-02-03T12:13:56+00:00 DEBUG (7): Start Auto Invoice Dropshipment
2015-02-03T12:13:59+00:00 DEBUG (7): Start Auto Invoice Dropshipment
2015-02-03T12:14:00+00:00 DEBUG (7): Start Auto Invoice Dropshipment
2015-02-03T12:14:00+00:00 DEBUG (7): Start Auto Invoice Dropshipment
2015-02-03T12:14:01+00:00 DEBUG (7): Start Auto Invoice Dropshipment
2015-02-03T12:14:02+00:00 DEBUG (7): Start Auto Invoice Dropshipment
2015-02-03T12:14:04+00:00 DEBUG (7): Start Auto Invoice Dropshipment
2015-02-03T12:14:05+00:00 DEBUG (7): Start Auto Invoice Dropshipment
2015-02-03T12:14:06+00:00 DEBUG (7): Start Auto Invoice Dropshipment
2015-02-03T12:14:07+00:00 DEBUG (7): Start Auto Invoice Dropshipment
2015-02-03T12:14:09+00:00 DEBUG (7): Start Auto Invoice Dropshipment
2015-02-03T12:14:10+00:00 DEBUG (7): Start Auto Invoice Dropshipment
2015-02-03T12:14:11+00:00 DEBUG (7): Start Auto Invoice Dropshipment
2015-02-03T12:14:12+00:00 DEBUG (7): Start Auto Invoice Dropshipment
2015-02-03T12:14:15+00:00 DEBUG (7): Start Auto Invoice Dropshipment
2015-02-03T12:14:16+00:00 DEBUG (7): Start Auto Invoice Dropshipment
2015-02-03T12:14:17+00:00 DEBUG (7): Start Auto Invoice Dropshipment
2015-02-03T12:14:19+00:00 DEBUG (7): Start Auto Invoice Dropshipment
2015-02-03T12:14:20+00:00 DEBUG (7): Start Auto Invoice Dropshipment
2015-02-03T12:14:21+00:00 DEBUG (7): Start Auto Invoice Dropshipment
2015-02-03T12:14:25+00:00 DEBUG (7): Start Auto Invoice Dropshipment
2015-02-03T12:14:26+00:00 DEBUG (7): Start Auto Invoice Dropshipment
2015-02-03T12:14:27+00:00 DEBUG (7): Start Auto Invoice Dropshipment
2015-02-03T12:14:27+00:00 DEBUG (7): Start Auto Invoice Dropshipment
2015-02-03T12:14:29+00:00 DEBUG (7): Start Auto Invoice Dropshipment
2015-02-03T12:14:31+00:00 DEBUG (7): Start Auto Invoice Dropshipment
2015-02-03T12:14:33+00:00 DEBUG (7): Start Auto Invoice Dropshipment
2015-02-03T12:14:34+00:00 DEBUG (7): Start Auto Invoice Dropshipment
2015-02-03T12:14:38+00:00 DEBUG (7): Start Auto Invoice Dropshipment
2015-02-03T12:14:40+00:00 DEBUG (7): Start Auto Invoice Dropshipment
2015-02-03T12:14:44+00:00 DEBUG (7): Start Auto Invoice Dropshipment
2015-02-03T12:14:45+00:00 DEBUG (7): Start Auto Invoice Dropshipment
2015-02-03T12:14:46+00:00 DEBUG (7): Start Auto Invoice Dropshipment
2015-02-03T12:14:49+00:00 DEBUG (7): Start Auto Invoice Dropshipment
2015-02-03T12:14:51+00:00 DEBUG (7): Start Auto Invoice Dropshipment
2015-02-03T12:14:52+00:00 DEBUG (7): Start Auto Invoice Dropshipment
2015-02-03T12:14:53+00:00 DEBUG (7): Start Auto Invoice Dropshipment
2015-02-03T12:14:53+00:00 DEBUG (7): Start Auto Invoice Dropshipment
2015-02-03T12:14:54+00:00 DEBUG (7): Start Auto Invoice Dropshipment
2015-02-03T12:14:55+00:00 DEBUG (7): Start Auto Invoice Dropshipment
2015-02-03T12:14:56+00:00 DEBUG (7): Start Auto Invoice Dropshipment
2015-02-03T12:14:57+00:00 DEBUG (7): Start Auto Invoice Dropshipment
2015-02-03T12:14:58+00:00 DEBUG (7): Start Auto Invoice Dropshipment
2015-02-03T12:15:04+00:00 DEBUG (7): Start Auto Invoice Dropshipment
2015-02-03T12:15:05+00:00 DEBUG (7): Start Auto Invoice Dropshipment
2015-02-03T12:15:06+00:00 DEBUG (7): Start Auto Invoice Dropshipment
2015-02-03T12:15:07+00:00 DEBUG (7): Start Auto Invoice Dropshipment
2015-02-03T12:15:08+00:00 DEBUG (7): Start Auto Invoice Dropshipment
2015-02-03T12:15:09+00:00 DEBUG (7): Start Auto Invoice Dropshipment
2015-02-03T12:15:10+00:00 DEBUG (7): Start Auto Invoice Dropshipment
2015-02-03T12:15:11+00:00 DEBUG (7): Start Auto Invoice Dropshipment
2015-02-03T12:15:12+00:00 DEBUG (7): Start Auto Invoice Dropshipment
2015-02-03T12:15:13+00:00 DEBUG (7): Start Auto Invoice Dropshipment
2015-02-03T12:15:15+00:00 DEBUG (7): Start Auto Invoice Dropshipment
2015-02-03T12:15:17+00:00 DEBUG (7): Start Auto Invoice Dropshipment
2015-02-03T12:15:19+00:00 DEBUG (7): Start Auto Invoice Dropshipment
2015-02-03T12:15:20+00:00 DEBUG (7): Start Auto Invoice Dropshipment
2015-02-03T12:15:21+00:00 DEBUG (7): Start Auto Invoice Dropshipment
2015-02-03T12:15:22+00:00 DEBUG (7): Start Auto Invoice Dropshipment
2015-02-03T12:15:23+00:00 DEBUG (7): Start Auto Invoice Dropshipment
2015-02-03T12:15:23+00:00 DEBUG (7): Start Auto Invoice Dropshipment
2015-02-03T12:15:24+00:00 DEBUG (7): Start Auto Invoice Dropshipment
2015-02-03T12:15:26+00:00 DEBUG (7): Start Auto Invoice Dropshipment
2015-02-03T12:15:27+00:00 DEBUG (7): Start Auto Invoice Dropshipment
2015-02-03T12:15:29+00:00 DEBUG (7): Start Auto Invoice Dropshipment
2015-02-03T12:15:30+00:00 DEBUG (7): Start Auto Invoice Dropshipment
2015-02-03T12:15:32+00:00 DEBUG (7): Start Auto Invoice Dropshipment
2015-02-03T12:15:33+00:00 DEBUG (7): Start Auto Invoice Dropshipment
2015-02-03T12:15:34+00:00 DEBUG (7): Start Auto Invoice Dropshipment
2015-02-03T12:15:35+00:00 DEBUG (7): Start Auto Invoice Dropshipment
2015-02-03T12:15:36+00:00 DEBUG (7): Start Auto Invoice Dropshipment
2015-02-03T12:15:40+00:00 DEBUG (7): Start Auto Invoice Dropshipment
2015-02-03T12:15:41+00:00 DEBUG (7): Start Auto Invoice Dropshipment
2015-02-03T12:15:42+00:00 DEBUG (7): Start Auto Invoice Dropshipment
2015-02-03T12:15:43+00:00 DEBUG (7): Start Auto Invoice Dropshipment
2015-02-03T12:15:46+00:00 DEBUG (7): Start Auto Invoice Dropshipment
2015-02-03T12:15:48+00:00 DEBUG (7): Start Auto Invoice Dropshipment
2015-02-03T12:15:49+00:00 DEBUG (7): Start Auto Invoice Dropshipment
2015-02-03T12:15:50+00:00 DEBUG (7): Start Auto Invoice Dropshipment
2015-02-03T12:15:53+00:00 DEBUG (7): Start Auto Invoice Dropshipment
2015-02-03T12:15:54+00:00 DEBUG (7): Start Auto Invoice Dropshipment
2015-02-03T12:15:55+00:00 DEBUG (7): Start Auto Invoice Dropshipment
2015-02-03T12:15:56+00:00 DEBUG (7): Start Auto Invoice Dropshipment
2015-02-03T12:15:57+00:00 DEBUG (7): Start Auto Invoice Dropshipment
2015-02-03T12:15:59+00:00 DEBUG (7): Start Auto Invoice Dropshipment
2015-02-03T12:16:00+00:00 DEBUG (7): Start Auto Invoice Dropshipment
2015-02-03T12:16:01+00:00 DEBUG (7): Start Auto Invoice Dropshipment
2015-02-03T12:16:02+00:00 DEBUG (7): Start Auto Invoice Dropshipment
2015-02-03T12:16:03+00:00 DEBUG (7): Start Auto Invoice Dropshipment
2015-02-03T12:16:05+00:00 DEBUG (7): Start Auto Invoice Dropshipment
2015-02-03T12:16:07+00:00 DEBUG (7): Start Auto Invoice Dropshipment
2015-02-03T12:16:08+00:00 DEBUG (7): Start Auto Invoice Dropshipment
2015-02-03T12:16:10+00:00 DEBUG (7): Start Auto Invoice Dropshipment
2015-02-03T12:16:12+00:00 DEBUG (7): Start Auto Invoice Dropshipment
2015-02-03T12:16:14+00:00 DEBUG (7): Start Auto Invoice Dropshipment
2015-02-03T12:16:16+00:00 DEBUG (7): Start Auto Invoice Dropshipment
2015-02-03T12:16:16+00:00 DEBUG (7): Start Auto Invoice Dropshipment
2015-02-03T12:16:17+00:00 DEBUG (7): Start Auto Invoice Dropshipment
2015-02-03T12:16:18+00:00 DEBUG (7): Start Auto Invoice Dropshipment
2015-02-03T12:16:22+00:00 DEBUG (7): Start Auto Invoice Dropshipment
2015-02-03T12:16:23+00:00 DEBUG (7): Start Auto Invoice Dropshipment
2015-02-03T12:16:24+00:00 DEBUG (7): Start Auto Invoice Dropshipment
2015-02-03T12:16:25+00:00 DEBUG (7): Start Auto Invoice Dropshipment
2015-02-03T12:16:26+00:00 DEBUG (7): Start Auto Invoice Dropshipment
2015-02-03T12:16:27+00:00 DEBUG (7): Start Auto Invoice Dropshipment
2015-02-03T12:16:29+00:00 DEBUG (7): Start Auto Invoice Dropshipment
2015-02-03T12:16:30+00:00 DEBUG (7): Start Auto Invoice Dropshipment
2015-02-03T12:16:32+00:00 DEBUG (7): Start Auto Invoice Dropshipment
2015-02-03T12:16:33+00:00 DEBUG (7): Start Auto Invoice Dropshipment
2015-02-03T12:16:34+00:00 DEBUG (7): Start Auto Invoice Dropshipment
2015-02-03T12:16:36+00:00 DEBUG (7): Start Auto Invoice Dropshipment
2015-02-03T12:16:39+00:00 DEBUG (7): Start Auto Invoice Dropshipment
2015-02-03T12:16:40+00:00 DEBUG (7): Start Auto Invoice Dropshipment
2015-02-03T12:16:41+00:00 DEBUG (7): Start Auto Invoice Dropshipment
2015-02-03T12:16:43+00:00 DEBUG (7): Start Auto Invoice Dropshipment
2015-02-03T12:16:44+00:00 DEBUG (7): Start Auto Invoice Dropshipment
2015-02-03T12:16:45+00:00 DEBUG (7): Start Auto Invoice Dropshipment
2015-02-03T12:16:46+00:00 DEBUG (7): Start Auto Invoice Dropshipment
2015-02-03T12:16:49+00:00 DEBUG (7): Start Auto Invoice Dropshipment
2015-02-03T12:16:49+00:00 DEBUG (7): Start Auto Invoice Dropshipment
2015-02-03T12:16:50+00:00 DEBUG (7): Start Auto Invoice Dropshipment
2015-02-03T12:16:52+00:00 DEBUG (7): Start Auto Invoice Dropshipment
2015-02-03T12:16:53+00:00 DEBUG (7): Start Auto Invoice Dropshipment
2015-02-03T12:16:54+00:00 DEBUG (7): Start Auto Invoice Dropshipment
2015-02-03T12:16:56+00:00 DEBUG (7): Start Auto Invoice Dropshipment
2015-02-03T12:17:00+00:00 DEBUG (7): Start Auto Invoice Dropshipment
2015-02-03T12:17:01+00:00 DEBUG (7): Start Auto Invoice Dropshipment
2015-02-03T12:17:02+00:00 DEBUG (7): Start Auto Invoice Dropshipment
2015-02-03T12:17:05+00:00 DEBUG (7): Start Auto Invoice Dropshipment
2015-02-03T12:17:05+00:00 DEBUG (7): Start Auto Invoice Dropshipment
2015-02-03T12:17:07+00:00 DEBUG (7): Start Auto Invoice Dropshipment
2015-02-03T12:17:08+00:00 DEBUG (7): Start Auto Invoice Dropshipment
2015-02-03T12:17:09+00:00 DEBUG (7): Start Auto Invoice Dropshipment
2015-02-03T12:17:10+00:00 DEBUG (7): Start Auto Invoice Dropshipment
2015-02-03T12:17:11+00:00 DEBUG (7): Start Auto Invoice Dropshipment
2015-02-03T12:17:12+00:00 DEBUG (7): Start Auto Invoice Dropshipment
2015-02-03T12:17:14+00:00 DEBUG (7): Start Auto Invoice Dropshipment
2015-02-03T12:17:15+00:00 DEBUG (7): Start Auto Invoice Dropshipment
2015-02-03T12:17:18+00:00 DEBUG (7): Start Auto Invoice Dropshipment
2015-02-03T12:17:19+00:00 DEBUG (7): Start Auto Invoice Dropshipment
2015-02-03T12:17:20+00:00 DEBUG (7): Start Auto Invoice Dropshipment
2015-02-03T12:17:21+00:00 DEBUG (7): Start Auto Invoice Dropshipment
2015-02-03T12:17:26+00:00 DEBUG (7): Start Auto Invoice Dropshipment
2015-02-03T12:17:27+00:00 DEBUG (7): Start Auto Invoice Dropshipment
2015-02-03T12:17:28+00:00 DEBUG (7): Start Auto Invoice Dropshipment
2015-02-03T12:17:30+00:00 DEBUG (7): Start Auto Invoice Dropshipment
2015-02-03T12:17:31+00:00 DEBUG (7): Start Auto Invoice Dropshipment
2015-02-03T12:17:35+00:00 DEBUG (7): Start Auto Invoice Dropshipment
2015-02-03T12:17:38+00:00 DEBUG (7): Start Auto Invoice Dropshipment
2015-02-03T12:17:40+00:00 DEBUG (7): Start Auto Invoice Dropshipment
2015-02-03T12:17:41+00:00 DEBUG (7): Start Auto Invoice Dropshipment
2015-02-03T12:17:42+00:00 DEBUG (7): Start Auto Invoice Dropshipment
2015-02-03T12:17:45+00:00 DEBUG (7): Start Auto Invoice Dropshipment
2015-02-03T12:17:47+00:00 DEBUG (7): Start Auto Invoice Dropshipment
2015-02-03T12:17:50+00:00 DEBUG (7): Start Auto Invoice Dropshipment
2015-02-03T12:17:53+00:00 DEBUG (7): Start Auto Invoice Dropshipment
2015-02-03T12:17:54+00:00 DEBUG (7): Start Auto Invoice Dropshipment
2015-02-03T12:17:55+00:00 DEBUG (7): Start Auto Invoice Dropshipment
2015-02-03T12:17:55+00:00 DEBUG (7): Start Auto Invoice Dropshipment
2015-02-03T12:17:56+00:00 DEBUG (7): Start Auto Invoice Dropshipment
2015-02-03T12:17:58+00:00 DEBUG (7): Start Auto Invoice Dropshipment
2015-02-03T12:17:59+00:00 DEBUG (7): Start Auto Invoice Dropshipment
2015-02-03T12:18:00+00:00 DEBUG (7): Start Auto Invoice Dropshipment
2015-02-03T12:18:01+00:00 DEBUG (7): Start Auto Invoice Dropshipment
2015-02-03T12:18:04+00:00 DEBUG (7): Start Auto Invoice Dropshipment
2015-02-03T12:18:07+00:00 DEBUG (7): Start Auto Invoice Dropshipment
2015-02-03T12:18:08+00:00 DEBUG (7): Start Auto Invoice Dropshipment
2015-02-03T12:18:10+00:00 DEBUG (7): Start Auto Invoice Dropshipment
2015-02-03T12:18:11+00:00 DEBUG (7): Start Auto Invoice Dropshipment
2015-02-03T12:18:13+00:00 DEBUG (7): Start Auto Invoice Dropshipment
2015-02-03T12:18:16+00:00 DEBUG (7): Start Auto Invoice Dropshipment
2015-02-03T12:18:17+00:00 DEBUG (7): Start Auto Invoice Dropshipment
2015-02-03T12:18:17+00:00 DEBUG (7): Start Auto Invoice Dropshipment
2015-02-03T12:18:18+00:00 DEBUG (7): Start Auto Invoice Dropshipment
2015-02-03T12:18:20+00:00 DEBUG (7): Start Auto Invoice Dropshipment
2015-02-03T12:18:22+00:00 DEBUG (7): Start Auto Invoice Dropshipment
2015-02-03T12:18:23+00:00 DEBUG (7): Start Auto Invoice Dropshipment
2015-02-03T12:18:24+00:00 DEBUG (7): Start Auto Invoice Dropshipment
2015-02-03T12:18:26+00:00 DEBUG (7): Start Auto Invoice Dropshipment
2015-02-03T12:18:27+00:00 DEBUG (7): Start Auto Invoice Dropshipment
2015-02-03T12:18:28+00:00 DEBUG (7): Start Auto Invoice Dropshipment
2015-02-03T12:18:28+00:00 DEBUG (7): Start Auto Invoice Dropshipment
2015-02-03T12:18:31+00:00 DEBUG (7): Start Auto Invoice Dropshipment
2015-02-03T12:18:32+00:00 DEBUG (7): Start Auto Invoice Dropshipment
2015-02-03T12:18:34+00:00 DEBUG (7): Start Auto Invoice Dropshipment
2015-02-03T12:18:35+00:00 DEBUG (7): Start Auto Invoice Dropshipment
2015-02-03T12:18:36+00:00 DEBUG (7): Start Auto Invoice Dropshipment
2015-02-03T12:18:38+00:00 DEBUG (7): Start Auto Invoice Dropshipment
2015-02-03T12:18:40+00:00 DEBUG (7): Start Auto Invoice Dropshipment
2015-02-03T12:18:41+00:00 DEBUG (7): Start Auto Invoice Dropshipment
2015-02-03T12:18:43+00:00 DEBUG (7): Start Auto Invoice Dropshipment
2015-02-03T12:18:44+00:00 DEBUG (7): Start Auto Invoice Dropshipment
2015-02-03T12:18:47+00:00 DEBUG (7): Start Auto Invoice Dropshipment
2015-02-03T12:18:50+00:00 DEBUG (7): Start Auto Invoice Dropshipment
2015-02-03T12:18:53+00:00 DEBUG (7): Start Auto Invoice Dropshipment
2015-02-03T12:18:54+00:00 DEBUG (7): Start Auto Invoice Dropshipment
2015-02-03T12:18:55+00:00 DEBUG (7): Start Auto Invoice Dropshipment
2015-02-03T12:18:56+00:00 DEBUG (7): Start Auto Invoice Dropshipment
2015-02-03T12:18:58+00:00 DEBUG (7): Start Auto Invoice Dropshipment
2015-02-03T12:19:01+00:00 DEBUG (7): Start Auto Invoice Dropshipment
2015-02-03T12:19:03+00:00 DEBUG (7): Start Auto Invoice Dropshipment
2015-02-03T12:19:05+00:00 DEBUG (7): Start Auto Invoice Dropshipment
2015-02-03T12:19:05+00:00 DEBUG (7): Start Auto Invoice Dropshipment
2015-02-03T12:19:06+00:00 DEBUG (7): Start Auto Invoice Dropshipment
2015-02-03T12:19:09+00:00 DEBUG (7): Start Auto Invoice Dropshipment
2015-02-03T12:19:09+00:00 DEBUG (7): Start Auto Invoice Dropshipment
2015-02-03T12:19:10+00:00 DEBUG (7): Start Auto Invoice Dropshipment
2015-02-03T12:19:12+00:00 DEBUG (7): Start Auto Invoice Dropshipment
2015-02-03T12:19:15+00:00 DEBUG (7): Start Auto Invoice Dropshipment
2015-02-03T12:19:16+00:00 DEBUG (7): Start Auto Invoice Dropshipment
2015-02-03T12:19:17+00:00 DEBUG (7): Start Auto Invoice Dropshipment
2015-02-03T12:19:19+00:00 DEBUG (7): Start Auto Invoice Dropshipment
2015-02-03T12:19:20+00:00 DEBUG (7): Start Auto Invoice Dropshipment
2015-02-03T12:19:22+00:00 DEBUG (7): Start Auto Invoice Dropshipment
2015-02-03T12:19:23+00:00 DEBUG (7): Start Auto Invoice Dropshipment
2015-02-03T12:19:24+00:00 DEBUG (7): Start Auto Invoice Dropshipment
2015-02-03T12:19:24+00:00 DEBUG (7): Start Auto Invoice Dropshipment
2015-02-03T12:19:26+00:00 DEBUG (7): Start Auto Invoice Dropshipment
2015-02-03T12:19:27+00:00 DEBUG (7): Start Auto Invoice Dropshipment
2015-02-03T12:19:28+00:00 DEBUG (7): Start Auto Invoice Dropshipment
2015-02-03T12:19:28+00:00 DEBUG (7): Start Auto Invoice Dropshipment
2015-02-03T12:19:29+00:00 DEBUG (7): Start Auto Invoice Dropshipment
2015-02-03T12:19:37+00:00 DEBUG (7): Start Auto Invoice Dropshipment
2015-02-03T12:19:39+00:00 DEBUG (7): Start Auto Invoice Dropshipment
2015-02-03T12:19:43+00:00 DEBUG (7): Start Auto Invoice Dropshipment
2015-02-03T12:19:45+00:00 DEBUG (7): Start Auto Invoice Dropshipment
2015-02-03T12:19:48+00:00 DEBUG (7): Start Auto Invoice Dropshipment
2015-02-03T12:19:48+00:00 DEBUG (7): Start Auto Invoice Dropshipment
2015-02-03T12:19:49+00:00 DEBUG (7): Start Auto Invoice Dropshipment
2015-02-03T12:19:50+00:00 DEBUG (7): Start Auto Invoice Dropshipment
2015-02-03T12:19:51+00:00 DEBUG (7): Start Auto Invoice Dropshipment
2015-02-03T12:19:52+00:00 DEBUG (7): Start Auto Invoice Dropshipment
2015-02-03T12:19:52+00:00 DEBUG (7): Start Auto Invoice Dropshipment
2015-02-03T12:19:54+00:00 DEBUG (7): Start Auto Invoice Dropshipment
2015-02-03T12:19:57+00:00 DEBUG (7): Start Auto Invoice Dropshipment
2015-02-03T12:19:58+00:00 DEBUG (7): Start Auto Invoice Dropshipment
2015-02-03T12:20:02+00:00 DEBUG (7): Start Auto Invoice Dropshipment
2015-02-03T12:20:04+00:00 DEBUG (7): Start Auto Invoice Dropshipment
2015-02-03T12:20:05+00:00 DEBUG (7): Start Auto Invoice Dropshipment
2015-02-03T12:20:07+00:00 DEBUG (7): Start Auto Invoice Dropshipment
2015-02-03T12:20:08+00:00 DEBUG (7): Start Auto Invoice Dropshipment
2015-02-03T12:20:09+00:00 DEBUG (7): Start Auto Invoice Dropshipment
2015-02-03T12:20:10+00:00 DEBUG (7): Start Auto Invoice Dropshipment
2015-02-03T12:20:11+00:00 DEBUG (7): Start Auto Invoice Dropshipment
2015-02-03T12:20:13+00:00 DEBUG (7): Start Auto Invoice Dropshipment
2015-02-03T12:20:17+00:00 DEBUG (7): Start Auto Invoice Dropshipment
2015-02-03T12:20:18+00:00 DEBUG (7): Start Auto Invoice Dropshipment
2015-02-03T12:20:19+00:00 DEBUG (7): Start Auto Invoice Dropshipment
2015-02-03T12:20:21+00:00 DEBUG (7): Start Auto Invoice Dropshipment
2015-02-03T12:20:22+00:00 DEBUG (7): Start Auto Invoice Dropshipment
2015-02-03T12:20:24+00:00 DEBUG (7): Start Auto Invoice Dropshipment
2015-02-03T12:20:28+00:00 DEBUG (7): Start Auto Invoice Dropshipment
2015-02-03T12:20:31+00:00 DEBUG (7): Start Auto Invoice Dropshipment
2015-02-03T12:20:32+00:00 DEBUG (7): Start Auto Invoice Dropshipment
2015-02-03T12:20:33+00:00 DEBUG (7): Start Auto Invoice Dropshipment
2015-02-03T12:20:35+00:00 DEBUG (7): Start Auto Invoice Dropshipment
2015-02-03T12:20:35+00:00 DEBUG (7): Start Auto Invoice Dropshipment
2015-02-03T12:20:36+00:00 DEBUG (7): Start Auto Invoice Dropshipment
2015-02-03T12:20:37+00:00 DEBUG (7): Start Auto Invoice Dropshipment
2015-02-03T12:20:39+00:00 DEBUG (7): Start Auto Invoice Dropshipment
2015-02-03T12:20:40+00:00 DEBUG (7): Start Auto Invoice Dropshipment
2015-02-03T12:20:44+00:00 DEBUG (7): Start Auto Invoice Dropshipment
2015-02-03T12:20:45+00:00 DEBUG (7): Start Auto Invoice Dropshipment
2015-02-03T12:20:50+00:00 DEBUG (7): Start Auto Invoice Dropshipment
2015-02-03T12:20:51+00:00 DEBUG (7): Start Auto Invoice Dropshipment
2015-02-03T12:20:52+00:00 DEBUG (7): Start Auto Invoice Dropshipment
2015-02-03T12:20:54+00:00 DEBUG (7): Start Auto Invoice Dropshipment
2015-02-03T12:20:55+00:00 DEBUG (7): Start Auto Invoice Dropshipment
2015-02-03T12:20:56+00:00 DEBUG (7): Start Auto Invoice Dropshipment
2015-02-03T12:20:57+00:00 DEBUG (7): Start Auto Invoice Dropshipment
2015-02-03T12:20:59+00:00 DEBUG (7): Start Auto Invoice Dropshipment
2015-02-03T12:21:00+00:00 DEBUG (7): Start Auto Invoice Dropshipment
2015-02-03T12:21:01+00:00 DEBUG (7): Start Auto Invoice Dropshipment
2015-02-03T12:21:03+00:00 DEBUG (7): Start Auto Invoice Dropshipment
2015-02-03T12:21:03+00:00 DEBUG (7): Start Auto Invoice Dropshipment
2015-02-03T12:21:04+00:00 DEBUG (7): Start Auto Invoice Dropshipment
2015-02-03T12:21:07+00:00 DEBUG (7): Start Auto Invoice Dropshipment
2015-02-03T12:21:07+00:00 DEBUG (7): Start Auto Invoice Dropshipment
2015-02-03T12:21:10+00:00 DEBUG (7): Start Auto Invoice Dropshipment
2015-02-03T12:21:12+00:00 DEBUG (7): Start Auto Invoice Dropshipment
2015-02-03T12:21:12+00:00 DEBUG (7): Start Auto Invoice Dropshipment
2015-02-03T12:21:14+00:00 DEBUG (7): Start Auto Invoice Dropshipment
2015-02-03T12:21:17+00:00 DEBUG (7): Start Auto Invoice Dropshipment
2015-02-03T12:21:19+00:00 DEBUG (7): Start Auto Invoice Dropshipment
2015-02-03T12:21:21+00:00 DEBUG (7): Start Auto Invoice Dropshipment
2015-02-03T12:21:24+00:00 DEBUG (7): Start Auto Invoice Dropshipment
2015-02-03T12:21:25+00:00 DEBUG (7): Start Auto Invoice Dropshipment
2015-02-03T12:21:26+00:00 DEBUG (7): Start Auto Invoice Dropshipment
2015-02-03T12:21:27+00:00 DEBUG (7): Start Auto Invoice Dropshipment
2015-02-03T12:21:30+00:00 DEBUG (7): Start Auto Invoice Dropshipment
2015-02-03T12:21:32+00:00 DEBUG (7): Start Auto Invoice Dropshipment
2015-02-03T12:21:33+00:00 DEBUG (7): Start Auto Invoice Dropshipment
2015-02-03T12:21:34+00:00 DEBUG (7): Start Auto Invoice Dropshipment
2015-02-03T12:21:35+00:00 DEBUG (7): Start Auto Invoice Dropshipment
2015-02-03T12:21:36+00:00 DEBUG (7): Start Auto Invoice Dropshipment
2015-02-03T12:21:37+00:00 DEBUG (7): Start Auto Invoice Dropshipment
2015-02-03T12:21:39+00:00 DEBUG (7): Start Auto Invoice Dropshipment
2015-02-03T12:21:39+00:00 DEBUG (7): Start Auto Invoice Dropshipment
2015-02-03T12:21:41+00:00 DEBUG (7): Start Auto Invoice Dropshipment
2015-02-03T12:21:42+00:00 DEBUG (7): Start Auto Invoice Dropshipment
2015-02-03T12:21:43+00:00 DEBUG (7): Start Auto Invoice Dropshipment
2015-02-03T12:21:44+00:00 DEBUG (7): Start Auto Invoice Dropshipment
2015-02-03T12:21:44+00:00 DEBUG (7): Start Auto Invoice Dropshipment
2015-02-03T12:21:46+00:00 DEBUG (7): Start Auto Invoice Dropshipment
2015-02-03T12:21:49+00:00 DEBUG (7): Start Auto Invoice Dropshipment
2015-02-03T12:21:50+00:00 DEBUG (7): Start Auto Invoice Dropshipment
2015-02-03T12:21:51+00:00 DEBUG (7): Start Auto Invoice Dropshipment
2015-02-03T12:21:52+00:00 DEBUG (7): Start Auto Invoice Dropshipment
2015-02-03T12:21:58+00:00 DEBUG (7): Start Auto Invoice Dropshipment
2015-02-03T12:22:01+00:00 DEBUG (7): Start Auto Invoice Dropshipment
2015-02-03T12:22:02+00:00 DEBUG (7): Start Auto Invoice Dropshipment
2015-02-03T12:22:03+00:00 DEBUG (7): Start Auto Invoice Dropshipment
2015-02-03T12:22:07+00:00 DEBUG (7): Start Auto Invoice Dropshipment
2015-02-03T12:22:08+00:00 DEBUG (7): Start Auto Invoice Dropshipment
2015-02-03T12:22:09+00:00 DEBUG (7): Start Auto Invoice Dropshipment
2015-02-03T12:22:10+00:00 DEBUG (7): Start Auto Invoice Dropshipment
2015-02-03T12:22:12+00:00 DEBUG (7): Start Auto Invoice Dropshipment
2015-02-03T12:22:16+00:00 DEBUG (7): Start Auto Invoice Dropshipment
2015-02-03T12:22:18+00:00 DEBUG (7): Start Auto Invoice Dropshipment
2015-02-03T12:22:19+00:00 DEBUG (7): Start Auto Invoice Dropshipment
2015-02-03T12:22:23+00:00 DEBUG (7): Start Auto Invoice Dropshipment
2015-02-03T12:22:23+00:00 DEBUG (7): Start Auto Invoice Dropshipment
2015-02-03T12:22:24+00:00 DEBUG (7): Start Auto Invoice Dropshipment
2015-02-03T12:22:25+00:00 DEBUG (7): Start Auto Invoice Dropshipment
2015-02-03T12:22:26+00:00 DEBUG (7): Start Auto Invoice Dropshipment
2015-02-03T12:22:28+00:00 DEBUG (7): Start Auto Invoice Dropshipment
2015-02-03T12:22:28+00:00 DEBUG (7): Start Auto Invoice Dropshipment
2015-02-03T12:22:29+00:00 DEBUG (7): Start Auto Invoice Dropshipment
2015-02-03T12:22:31+00:00 DEBUG (7): Start Auto Invoice Dropshipment
2015-02-03T12:22:32+00:00 DEBUG (7): Start Auto Invoice Dropshipment
2015-02-03T12:22:33+00:00 DEBUG (7): Start Auto Invoice Dropshipment
2015-02-03T12:22:36+00:00 DEBUG (7): Start Auto Invoice Dropshipment
2015-02-03T12:22:38+00:00 DEBUG (7): Start Auto Invoice Dropshipment
2015-02-03T12:22:39+00:00 DEBUG (7): Start Auto Invoice Dropshipment
2015-02-03T12:22:42+00:00 DEBUG (7): Start Auto Invoice Dropshipment
2015-02-03T12:22:44+00:00 DEBUG (7): Start Auto Invoice Dropshipment
2015-02-03T12:22:44+00:00 DEBUG (7): Start Auto Invoice Dropshipment
2015-02-03T12:22:47+00:00 DEBUG (7): Start Auto Invoice Dropshipment
2015-02-03T12:22:49+00:00 DEBUG (7): Start Auto Invoice Dropshipment
2015-02-03T12:22:50+00:00 DEBUG (7): Start Auto Invoice Dropshipment
2015-02-03T12:22:51+00:00 DEBUG (7): Start Auto Invoice Dropshipment
2015-02-03T12:22:52+00:00 DEBUG (7): Start Auto Invoice Dropshipment
2015-02-03T12:22:53+00:00 DEBUG (7): Start Auto Invoice Dropshipment
2015-02-03T12:22:56+00:00 DEBUG (7): Start Auto Invoice Dropshipment
2015-02-03T12:22:57+00:00 DEBUG (7): Start Auto Invoice Dropshipment
2015-02-03T12:23:00+00:00 DEBUG (7): Start Auto Invoice Dropshipment
2015-02-03T12:23:07+00:00 DEBUG (7): Start Auto Invoice Dropshipment
2015-02-03T12:23:09+00:00 DEBUG (7): Start Auto Invoice Dropshipment
2015-02-03T12:23:10+00:00 DEBUG (7): Start Auto Invoice Dropshipment
2015-02-03T12:23:13+00:00 DEBUG (7): Start Auto Invoice Dropshipment
2015-02-03T12:23:14+00:00 DEBUG (7): Start Auto Invoice Dropshipment
2015-02-03T12:23:16+00:00 DEBUG (7): Start Auto Invoice Dropshipment
2015-02-03T12:23:17+00:00 DEBUG (7): Start Auto Invoice Dropshipment
2015-02-03T12:23:18+00:00 DEBUG (7): Start Auto Invoice Dropshipment
2015-02-03T12:23:20+00:00 DEBUG (7): Start Auto Invoice Dropshipment
2015-02-03T12:23:24+00:00 DEBUG (7): Start Auto Invoice Dropshipment
2015-02-03T12:23:27+00:00 DEBUG (7): Start Auto Invoice Dropshipment
2015-02-03T12:23:31+00:00 DEBUG (7): Start Auto Invoice Dropshipment
2015-02-03T12:23:32+00:00 DEBUG (7): Start Auto Invoice Dropshipment
2015-02-03T12:23:33+00:00 DEBUG (7): Start Auto Invoice Dropshipment
2015-02-03T12:23:36+00:00 DEBUG (7): Start Auto Invoice Dropshipment
2015-02-03T12:23:38+00:00 DEBUG (7): Start Auto Invoice Dropshipment
2015-02-03T12:23:43+00:00 DEBUG (7): Start Auto Invoice Dropshipment
2015-02-03T12:23:47+00:00 DEBUG (7): Start Auto Invoice Dropshipment
2015-02-03T12:23:49+00:00 DEBUG (7): Start Auto Invoice Dropshipment
2015-02-03T12:23:51+00:00 DEBUG (7): Start Auto Invoice Dropshipment
2015-02-03T12:23:53+00:00 DEBUG (7): Start Auto Invoice Dropshipment
2015-02-03T12:23:57+00:00 DEBUG (7): Start Auto Invoice Dropshipment
2015-02-03T12:23:59+00:00 DEBUG (7): Start Auto Invoice Dropshipment
2015-02-03T12:24:00+00:00 DEBUG (7): Start Auto Invoice Dropshipment
2015-02-03T12:24:01+00:00 DEBUG (7): Start Auto Invoice Dropshipment
2015-02-03T12:24:02+00:00 DEBUG (7): Start Auto Invoice Dropshipment
2015-02-03T12:24:06+00:00 DEBUG (7): Start Auto Invoice Dropshipment
2015-02-03T12:24:08+00:00 DEBUG (7): Start Auto Invoice Dropshipment
2015-02-03T12:24:08+00:00 DEBUG (7): Start Auto Invoice Dropshipment
2015-02-03T12:24:09+00:00 DEBUG (7): Start Auto Invoice Dropshipment
2015-02-03T12:24:10+00:00 DEBUG (7): Start Auto Invoice Dropshipment
2015-02-03T12:24:13+00:00 DEBUG (7): Start Auto Invoice Dropshipment
2015-02-03T12:24:17+00:00 DEBUG (7): Start Auto Invoice Dropshipment
2015-02-03T12:24:19+00:00 DEBUG (7): Start Auto Invoice Dropshipment
2015-02-03T12:24:21+00:00 DEBUG (7): Start Auto Invoice Dropshipment
2015-02-03T12:24:22+00:00 DEBUG (7): Start Auto Invoice Dropshipment
2015-02-03T12:24:27+00:00 DEBUG (7): Start Auto Invoice Dropshipment
2015-02-03T12:24:27+00:00 DEBUG (7): Start Auto Invoice Dropshipment
2015-02-03T12:24:29+00:00 DEBUG (7): Start Auto Invoice Dropshipment
2015-02-03T12:24:30+00:00 DEBUG (7): Start Auto Invoice Dropshipment
2015-02-03T12:24:32+00:00 DEBUG (7): Start Auto Invoice Dropshipment
2015-02-03T12:24:38+00:00 DEBUG (7): Start Auto Invoice Dropshipment
2015-02-03T12:24:41+00:00 DEBUG (7): Start Auto Invoice Dropshipment
2015-02-03T12:24:43+00:00 DEBUG (7): Start Auto Invoice Dropshipment
2015-02-03T12:24:48+00:00 DEBUG (7): Start Auto Invoice Dropshipment
2015-02-03T12:24:49+00:00 DEBUG (7): Start Auto Invoice Dropshipment
2015-02-03T12:24:51+00:00 DEBUG (7): Start Auto Invoice Dropshipment
2015-02-03T12:24:52+00:00 DEBUG (7): Start Auto Invoice Dropshipment
2015-02-03T12:24:54+00:00 DEBUG (7): Start Auto Invoice Dropshipment
2015-02-03T12:24:57+00:00 DEBUG (7): Start Auto Invoice Dropshipment
2015-02-03T12:24:58+00:00 DEBUG (7): Start Auto Invoice Dropshipment
2015-02-03T12:25:03+00:00 DEBUG (7): Start Auto Invoice Dropshipment
2015-02-03T12:25:05+00:00 DEBUG (7): Start Auto Invoice Dropshipment
2015-02-03T12:25:06+00:00 DEBUG (7): Start Auto Invoice Dropshipment
2015-02-03T12:25:09+00:00 DEBUG (7): Start Auto Invoice Dropshipment
2015-02-03T12:25:10+00:00 DEBUG (7): Start Auto Invoice Dropshipment
2015-02-03T12:25:19+00:00 DEBUG (7): Start Auto Invoice Dropshipment
2015-02-03T12:25:24+00:00 DEBUG (7): Start Auto Invoice Dropshipment
2015-02-03T12:25:29+00:00 DEBUG (7): Start Auto Invoice Dropshipment
2015-02-03T12:25:31+00:00 DEBUG (7): Start Auto Invoice Dropshipment
2015-02-03T12:25:33+00:00 DEBUG (7): Start Auto Invoice Dropshipment
2015-02-03T12:25:38+00:00 DEBUG (7): Start Auto Invoice Dropshipment
2015-02-03T12:25:44+00:00 DEBUG (7): Start Auto Invoice Dropshipment
2015-02-03T12:25:45+00:00 DEBUG (7): Start Auto Invoice Dropshipment
2015-02-03T12:25:47+00:00 DEBUG (7): Start Auto Invoice Dropshipment
